This is pdfTeX, Version 3.1415926-1.40.10 (TeX Live 2009/openSUSE) (format=pdflatex 2010.10.26)  17 NOV 2010 00:05
entering extended mode
 %&-line parsing enabled.
**Thesis.Elaboration.PedroMarquesdaSilva.tex
(./Thesis.Elaboration.PedroMarquesdaSilva.tex
LaTeX2e <2009/09/24>
Babel <v3.8l> and hyphenation patterns for english, usenglishmax, dumylang, noh
yphenation, german-x-2009-06-19, ngerman-x-2009-06-19, ancientgreek, ibycus, ar
abic, basque, bulgarian, catalan, pinyin, coptic, croatian, czech, danish, dutc
h, esperanto, estonian, farsi, finnish, french, galician, german, ngerman, mono
greek, greek, hungarian, icelandic, indonesian, interlingua, irish, italian, ku
rmanji, latin, latvian, lithuanian, mongolian, mongolian2a, bokmal, nynorsk, po
lish, portuguese, romanian, russian, sanskrit, serbian, slovak, slovenian, span
ish, swedish, turkish, ukenglish, ukrainian, uppersorbian, welsh, loaded.
(./thesisdifctunl.cls
Document Class: thesisdifctunl 2007/12/30
(/usr/share/texmf/tex/latex/base/book.cls
Document Class: book 2007/10/19 v1.4h Standard LaTeX document class
(/usr/share/texmf/tex/latex/base/bk12.clo
File: bk12.clo 2007/10/19 v1.4h Standard LaTeX file (size option)
)
\c@part=\count79
\c@chapter=\count80
\c@section=\count81
\c@subsection=\count82
\c@subsubsection=\count83
\c@paragraph=\count84
\c@subparagraph=\count85
\c@figure=\count86
\c@table=\count87
\abovecaptionskip=\skip41
\belowcaptionskip=\skip42
\bibindent=\dimen102
)
(/usr/share/texmf/tex/latex/amsmath/amsmath.sty
Package: amsmath 2000/07/18 v2.13 AMS math features
\@mathmargin=\skip43

For additional information on amsmath, use the `?' option.
(/usr/share/texmf/tex/latex/amsmath/amstext.sty
Package: amstext 2000/06/29 v2.01

(/usr/share/texmf/tex/latex/amsmath/amsgen.sty
File: amsgen.sty 1999/11/30 v2.0
\@emptytoks=\toks14
\ex@=\dimen103
))
(/usr/share/texmf/tex/latex/amsmath/amsbsy.sty
Package: amsbsy 1999/11/29 v1.2d
\pmbraise@=\dimen104
)
(/usr/share/texmf/tex/latex/amsmath/amsopn.sty
Package: amsopn 1999/12/14 v2.01 operator names
)
\inf@bad=\count88
LaTeX Info: Redefining \frac on input line 211.
\uproot@=\count89
\leftroot@=\count90
LaTeX Info: Redefining \overline on input line 307.
\classnum@=\count91
\DOTSCASE@=\count92
LaTeX Info: Redefining \ldots on input line 379.
LaTeX Info: Redefining \dots on input line 382.
LaTeX Info: Redefining \cdots on input line 467.
\Mathstrutbox@=\box26
\strutbox@=\box27
\big@size=\dimen105
LaTeX Font Info:    Redeclaring font encoding OML on input line 567.
LaTeX Font Info:    Redeclaring font encoding OMS on input line 568.
\macc@depth=\count93
\c@MaxMatrixCols=\count94
\dotsspace@=\muskip10
\c@parentequation=\count95
\dspbrk@lvl=\count96
\tag@help=\toks15
\row@=\count97
\column@=\count98
\maxfields@=\count99
\andhelp@=\toks16
\eqnshift@=\dimen106
\alignsep@=\dimen107
\tagshift@=\dimen108
\tagwidth@=\dimen109
\totwidth@=\dimen110
\lineht@=\dimen111
\@envbody=\toks17
\multlinegap=\skip44
\multlinetaggap=\skip45
\mathdisplay@stack=\toks18
LaTeX Info: Redefining \[ on input line 2666.
LaTeX Info: Redefining \] on input line 2667.
)
(/usr/share/texmf/tex/latex/amsfonts/amsfonts.sty
Package: amsfonts 2009/06/22 v3.00 Basic AMSFonts support
\symAMSa=\mathgroup4
\symAMSb=\mathgroup5
LaTeX Font Info:    Overwriting math alphabet `\mathfrak' in version `bold'
(Font)                  U/euf/m/n --> U/euf/b/n on input line 96.
)
(/usr/share/texmf/tex/latex/amsfonts/amssymb.sty
Package: amssymb 2009/06/22 v3.00
)
(/usr/share/texmf/tex/latex/amscls/amsthm.sty
Package: amsthm 2004/08/06 v2.20
\thm@style=\toks19
\thm@bodyfont=\toks20
\thm@headfont=\toks21
\thm@notefont=\toks22
\thm@headpunct=\toks23
\thm@preskip=\skip46
\thm@postskip=\skip47
\thm@headsep=\skip48
\dth@everypar=\toks24
)
(/usr/share/texmf/tex/generic/babel/babel.sty
Package: babel 2008/07/06 v3.8l The Babel package

(/usr/share/texmf/tex/generic/babel/portuges.ldf
Language: portuges 2008/03/18 v1.2q Portuguese support from the babel system

(/usr/share/texmf/tex/generic/babel/babel.def
File: babel.def 2008/07/06 v3.8l Babel common definitions
\babel@savecnt=\count100
\U@D=\dimen112
)
Package babel Info: Making " an active character on input line 145.
)
(/usr/share/texmf/tex/generic/babel/portuges.ldf
Language: portuges 2008/03/18 v1.2q Portuguese support from the babel system
))
(/usr/share/texmf/tex/latex/setspace/setspace.sty
Package: setspace 2000/12/01 6.7 Contributed and Supported LaTeX2e package

Package: `setspace' 6.7 <2000/12/01>
) (/usr/share/texmf/tex/latex/tools/calc.sty
Package: calc 2007/08/22 v4.3 Infix arithmetic (KKT,FJ)
\calc@Acount=\count101
\calc@Bcount=\count102
\calc@Adimen=\dimen113
\calc@Bdimen=\dimen114
\calc@Askip=\skip49
\calc@Bskip=\skip50
LaTeX Info: Redefining \setlength on input line 76.
LaTeX Info: Redefining \addtolength on input line 77.
\calc@Ccount=\count103
\calc@Cskip=\skip51
)
(/usr/share/texmf/tex/latex/base/ifthen.sty
Package: ifthen 2001/05/26 v1.1c Standard LaTeX ifthen package (DPC)
)
(/usr/share/texmf/tex/latex/base/inputenc.sty
Package: inputenc 2008/03/30 v1.1d Input encoding file
\inpenc@prehook=\toks25
\inpenc@posthook=\toks26

(/usr/share/texmf/tex/latex/base/latin1.def
File: latin1.def 2008/03/30 v1.1d Input encoding file
))
(/usr/share/texmf/tex/latex/textcase/textcase.sty
Package: textcase 2004/10/07 v0.07 Text only upper/lower case changing (DPC)
)
(/usr/share/texmf/tex/latex/base/textcomp.sty
Package: textcomp 2005/09/27 v1.99g Standard LaTeX package
Package textcomp Info: Sub-encoding information:
(textcomp)               5 = only ISO-Adobe without \textcurrency
(textcomp)               4 = 5 + \texteuro
(textcomp)               3 = 4 + \textohm
(textcomp)               2 = 3 + \textestimated + \textcurrency
(textcomp)               1 = TS1 - \textcircled - \t
(textcomp)               0 = TS1 (full)
(textcomp)             Font families with sub-encoding setting implement
(textcomp)             only a restricted character set as indicated.
(textcomp)             Family '?' is the default used for unknown fonts.
(textcomp)             See the documentation for details.
Package textcomp Info: Setting ? sub-encoding to TS1/1 on input line 71.

(/usr/share/texmf/tex/latex/base/ts1enc.def
File: ts1enc.def 2001/06/05 v3.0e (jk/car/fm) Standard LaTeX file
)
LaTeX Info: Redefining \oldstylenums on input line 266.
Package textcomp Info: Setting cmr sub-encoding to TS1/0 on input line 281.
Package textcomp Info: Setting cmss sub-encoding to TS1/0 on input line 282.
Package textcomp Info: Setting cmtt sub-encoding to TS1/0 on input line 283.
Package textcomp Info: Setting cmvtt sub-encoding to TS1/0 on input line 284.
Package textcomp Info: Setting cmbr sub-encoding to TS1/0 on input line 285.
Package textcomp Info: Setting cmtl sub-encoding to TS1/0 on input line 286.
Package textcomp Info: Setting ccr sub-encoding to TS1/0 on input line 287.
Package textcomp Info: Setting ptm sub-encoding to TS1/4 on input line 288.
Package textcomp Info: Setting pcr sub-encoding to TS1/4 on input line 289.
Package textcomp Info: Setting phv sub-encoding to TS1/4 on input line 290.
Package textcomp Info: Setting ppl sub-encoding to TS1/3 on input line 291.
Package textcomp Info: Setting pag sub-encoding to TS1/4 on input line 292.
Package textcomp Info: Setting pbk sub-encoding to TS1/4 on input line 293.
Package textcomp Info: Setting pnc sub-encoding to TS1/4 on input line 294.
Package textcomp Info: Setting pzc sub-encoding to TS1/4 on input line 295.
Package textcomp Info: Setting bch sub-encoding to TS1/4 on input line 296.
Package textcomp Info: Setting put sub-encoding to TS1/5 on input line 297.
Package textcomp Info: Setting uag sub-encoding to TS1/5 on input line 298.
Package textcomp Info: Setting ugq sub-encoding to TS1/5 on input line 299.
Package textcomp Info: Setting ul8 sub-encoding to TS1/4 on input line 300.
Package textcomp Info: Setting ul9 sub-encoding to TS1/4 on input line 301.
Package textcomp Info: Setting augie sub-encoding to TS1/5 on input line 302.
Package textcomp Info: Setting dayrom sub-encoding to TS1/3 on input line 303.
Package textcomp Info: Setting dayroms sub-encoding to TS1/3 on input line 304.

Package textcomp Info: Setting pxr sub-encoding to TS1/0 on input line 305.
Package textcomp Info: Setting pxss sub-encoding to TS1/0 on input line 306.
Package textcomp Info: Setting pxtt sub-encoding to TS1/0 on input line 307.
Package textcomp Info: Setting txr sub-encoding to TS1/0 on input line 308.
Package textcomp Info: Setting txss sub-encoding to TS1/0 on input line 309.
Package textcomp Info: Setting txtt sub-encoding to TS1/0 on input line 310.
Package textcomp Info: Setting futs sub-encoding to TS1/4 on input line 311.
Package textcomp Info: Setting futx sub-encoding to TS1/4 on input line 312.
Package textcomp Info: Setting futj sub-encoding to TS1/4 on input line 313.
Package textcomp Info: Setting hlh sub-encoding to TS1/3 on input line 314.
Package textcomp Info: Setting hls sub-encoding to TS1/3 on input line 315.
Package textcomp Info: Setting hlst sub-encoding to TS1/3 on input line 316.
Package textcomp Info: Setting hlct sub-encoding to TS1/5 on input line 317.
Package textcomp Info: Setting hlx sub-encoding to TS1/5 on input line 318.
Package textcomp Info: Setting hlce sub-encoding to TS1/5 on input line 319.
Package textcomp Info: Setting hlcn sub-encoding to TS1/5 on input line 320.
Package textcomp Info: Setting hlcw sub-encoding to TS1/5 on input line 321.
Package textcomp Info: Setting hlcf sub-encoding to TS1/5 on input line 322.
Package textcomp Info: Setting pplx sub-encoding to TS1/3 on input line 323.
Package textcomp Info: Setting pplj sub-encoding to TS1/3 on input line 324.
Package textcomp Info: Setting ptmx sub-encoding to TS1/4 on input line 325.
Package textcomp Info: Setting ptmj sub-encoding to TS1/4 on input line 326.
)
(/usr/share/texmf/tex/latex/ltxmisc/url.sty
\Urlmuskip=\muskip11
Package: url 2006/04/12  ver 3.3  Verb mode for urls, etc.
)
(/usr/share/texmf/tex/latex/tools/xspace.sty
Package: xspace 2006/05/08 v1.12 Space after command names (DPC,MH)
)
(/usr/share/texmf/tex/latex/base/fontenc.sty
Package: fontenc 2005/09/27 v1.99g Standard LaTeX package

(/usr/share/texmf/tex/latex/base/t1enc.def
File: t1enc.def 2005/09/27 v1.99g Standard LaTeX file
LaTeX Font Info:    Redeclaring font encoding T1 on input line 43.
))
(/usr/share/texmf/tex/latex/psnfss/mathptmx.sty
Package: mathptmx 2005/04/12 PSNFSS-v9.2a Times w/ Math, improved (SPQR, WaS) 
LaTeX Font Info:    Redeclaring symbol font `operators' on input line 28.
LaTeX Font Info:    Overwriting symbol font `operators' in version `normal'
(Font)                  OT1/cmr/m/n --> OT1/ztmcm/m/n on input line 28.
LaTeX Font Info:    Overwriting symbol font `operators' in version `bold'
(Font)                  OT1/cmr/bx/n --> OT1/ztmcm/m/n on input line 28.
LaTeX Font Info:    Redeclaring symbol font `letters' on input line 29.
LaTeX Font Info:    Overwriting symbol font `letters' in version `normal'
(Font)                  OML/cmm/m/it --> OML/ztmcm/m/it on input line 29.
LaTeX Font Info:    Overwriting symbol font `letters' in version `bold'
(Font)                  OML/cmm/b/it --> OML/ztmcm/m/it on input line 29.
LaTeX Font Info:    Redeclaring symbol font `symbols' on input line 30.
LaTeX Font Info:    Overwriting symbol font `symbols' in version `normal'
(Font)                  OMS/cmsy/m/n --> OMS/ztmcm/m/n on input line 30.
LaTeX Font Info:    Overwriting symbol font `symbols' in version `bold'
(Font)                  OMS/cmsy/b/n --> OMS/ztmcm/m/n on input line 30.
LaTeX Font Info:    Redeclaring symbol font `largesymbols' on input line 31.
LaTeX Font Info:    Overwriting symbol font `largesymbols' in version `normal'
(Font)                  OMX/cmex/m/n --> OMX/ztmcm/m/n on input line 31.
LaTeX Font Info:    Overwriting symbol font `largesymbols' in version `bold'
(Font)                  OMX/cmex/m/n --> OMX/ztmcm/m/n on input line 31.
\symbold=\mathgroup6
\symitalic=\mathgroup7
LaTeX Font Info:    Redeclaring math alphabet \mathbf on input line 34.
LaTeX Font Info:    Overwriting math alphabet `\mathbf' in version `normal'
(Font)                  OT1/cmr/bx/n --> OT1/ptm/bx/n on input line 34.
LaTeX Font Info:    Overwriting math alphabet `\mathbf' in version `bold'
(Font)                  OT1/cmr/bx/n --> OT1/ptm/bx/n on input line 34.
LaTeX Font Info:    Redeclaring math alphabet \mathit on input line 35.
LaTeX Font Info:    Overwriting math alphabet `\mathit' in version `normal'
(Font)                  OT1/cmr/m/it --> OT1/ptm/m/it on input line 35.
LaTeX Font Info:    Overwriting math alphabet `\mathit' in version `bold'
(Font)                  OT1/cmr/bx/it --> OT1/ptm/m/it on input line 35.
LaTeX Info: Redefining \hbar on input line 50.
)
(/usr/share/texmf/tex/latex/psnfss/helvet.sty
Package: helvet 2005/04/12 PSNFSS-v9.2a (WaS) 

(/usr/share/texmf/tex/latex/graphics/keyval.sty
Package: keyval 1999/03/16 v1.13 key=value parser (DPC)
\KV@toks@=\toks27
))
(/usr/share/texmf/tex/latex/psnfss/courier.sty
Package: courier 2005/04/12 PSNFSS-v9.2a (WaS) 
)
(/usr/share/texmf/tex/latex/psnfss/times.sty
Package: times 2005/04/12 PSNFSS-v9.2a (SPQR) 
)
(/usr/share/texmf/tex/latex/graphics/graphicx.sty
Package: graphicx 1999/02/16 v1.0f Enhanced LaTeX Graphics (DPC,SPQR)

(/usr/share/texmf/tex/latex/graphics/graphics.sty
Package: graphics 2009/02/05 v1.0o Standard LaTeX Graphics (DPC,SPQR)

(/usr/share/texmf/tex/latex/graphics/trig.sty
Package: trig 1999/03/16 v1.09 sin cos tan (DPC)
)
(/usr/share/texmf/tex/latex/latexconfig/graphics.cfg
File: graphics.cfg 2009/08/28 v1.8 graphics configuration of TeX Live
)
Package graphics Info: Driver file: pdftex.def on input line 91.

(/usr/share/texmf/tex/latex/pdftex-def/pdftex.def
File: pdftex.def 2009/08/25 v0.04m Graphics/color for pdfTeX
\Gread@gobject=\count104
))
\Gin@req@height=\dimen115
\Gin@req@width=\dimen116
)
\c@Def=\count105
\c@Axi=\count106
\c@Conj=\count107
\c@Lem=\count108
\c@Theo=\count109
\c@Prop=\count110
\c@Cor=\count111
)
(/usr/share/texmf/tex/latex/listings/listings.sty
\lst@mode=\count112
\lst@gtempboxa=\box28
\lst@token=\toks28
\lst@length=\count113
\lst@currlwidth=\dimen117
\lst@column=\count114
\lst@pos=\count115
\lst@lostspace=\dimen118
\lst@width=\dimen119
\lst@newlines=\count116
\lst@lineno=\count117
\lst@maxwidth=\dimen120

(/usr/share/texmf/tex/latex/listings/lstmisc.sty
File: lstmisc.sty 2007/02/22 1.4 (Carsten Heinz)
\c@lstnumber=\count118
\lst@skipnumbers=\count119
\lst@framebox=\box29
)
(/usr/share/texmf/tex/latex/listings/listings.cfg
File: listings.cfg 2007/02/22 1.4 listings configuration
))
Package: listings 2007/02/22 1.4 (Carsten Heinz)

(/usr/share/texmf/tex/latex/fancybox/fancybox.sty
Package: fancybox 2000/09/19 1.3

Style option: `fancybox' v1.3 <2000/09/19> (tvz)
\@fancybox=\box30
\shadowsize=\dimen121
\@Sbox=\box31
\do@VerbBox=\toks29
\the@fancyput=\toks30
\this@fancyput=\toks31
\EndVerbatimTokens=\toks32
\Verbatim@Outfile=\write3
\Verbatim@Infile=\read1
) (/usr/share/texmf/tex/latex/multirow/multirow.sty
\bigstrutjot=\dimen122
)
(/usr/share/texmf/tex/latex/xcolor/xcolor.sty
Package: xcolor 2007/01/21 v2.11 LaTeX color extensions (UK)

(/usr/share/texmf/tex/latex/latexconfig/color.cfg
File: color.cfg 2007/01/18 v1.5 color configuration of teTeX/TeXLive
)
Package xcolor Info: Driver file: pdftex.def on input line 225.

(/usr/share/texmf/tex/latex/colortbl/colortbl.sty
Package: colortbl 2001/02/13 v0.1j Color table columns (DPC)

(/usr/share/texmf/tex/latex/tools/array.sty
Package: array 2008/09/09 v2.4c Tabular extension package (FMi)
\col@sep=\dimen123
\extrarowheight=\dimen124
\NC@list=\toks33
\extratabsurround=\skip52
\backup@length=\skip53
)
\everycr=\toks34
\minrowclearance=\skip54
)
\rownum=\count120
Package xcolor Info: Model `cmy' substituted by `cmy0' on input line 1337.
Package xcolor Info: Model `hsb' substituted by `rgb' on input line 1341.
Package xcolor Info: Model `RGB' extended on input line 1353.
Package xcolor Info: Model `HTML' substituted by `rgb' on input line 1355.
Package xcolor Info: Model `Hsb' substituted by `hsb' on input line 1356.
Package xcolor Info: Model `tHsb' substituted by `hsb' on input line 1357.
Package xcolor Info: Model `HSB' substituted by `hsb' on input line 1358.
Package xcolor Info: Model `Gray' substituted by `gray' on input line 1359.
Package xcolor Info: Model `wave' substituted by `hsb' on input line 1360.
)
(/usr/share/texmf/tex/latex/float/float.sty
Package: float 2001/11/08 v1.3d Float enhancements (AL)
\c@float@type=\count121
\float@exts=\toks35
\float@box=\box32
\@float@everytoks=\toks36
\@floatcapt=\box33
)
(/usr/share/texmf/tex/latex/rotating/rotating.sty
Package: rotating 2009/03/28 v2.16a rotated objects in LaTeX
\c@r@tfl@t=\count122
\rotFPtop=\skip55
\rotFPbot=\skip56
\rot@float@box=\box34
\rot@mess@toks=\toks37
)
(/usr/share/texmf/tex/latex/enumitem/enumitem.sty
Package: enumitem 2009/05/18 v2.2 Customized lists
\enit@toks=\toks38
\labelindent=\skip57
\enit@outerparindent=\dimen125
\enitdp@desc=\count123
)
(/usr/share/texmf/tex/latex/hyperref/hyperref.sty
Package: hyperref 2009/10/09 v6.79a Hypertext links for LaTeX

(/usr/share/texmf/tex/generic/oberdiek/ifpdf.sty
Package: ifpdf 2009/04/10 v2.0 Provides the ifpdf switch (HO)
Package ifpdf Info: pdfTeX in pdf mode detected.
)
(/usr/share/texmf/tex/generic/oberdiek/ifvtex.sty
Package: ifvtex 2008/11/04 v1.4 Switches for detecting VTeX and its modes (HO)
Package ifvtex Info: VTeX not detected.
)
(/usr/share/texmf/tex/generic/ifxetex/ifxetex.sty
Package: ifxetex 2009/01/23 v0.5 Provides ifxetex conditional
)
(/usr/share/texmf/tex/latex/oberdiek/hycolor.sty
Package: hycolor 2009/10/02 v1.5 Code for color options of hyperref/bookmark (H
O)

(/usr/share/texmf/tex/latex/oberdiek/xcolor-patch.sty
Package: xcolor-patch 2009/10/02 xcolor patch
))
\@linkdim=\dimen126
\Hy@linkcounter=\count124
\Hy@pagecounter=\count125

(/usr/share/texmf/tex/latex/hyperref/pd1enc.def
File: pd1enc.def 2009/10/09 v6.79a Hyperref: PDFDocEncoding definition (HO)
)
(/usr/share/texmf/tex/generic/oberdiek/etexcmds.sty
Package: etexcmds 2007/12/12 v1.2 Prefix for e-TeX command names (HO)

(/usr/share/texmf/tex/generic/oberdiek/infwarerr.sty
Package: infwarerr 2007/09/09 v1.2 Providing info/warning/message (HO)
)
Package etexcmds Info: Could not find \expanded.
(etexcmds)             That can mean that you are not using pdfTeX 1.50 or
(etexcmds)             that some package has redefined \expanded.
(etexcmds)             In the latter case, load this package earlier.
)
(/usr/share/texmf/tex/latex/latexconfig/hyperref.cfg
File: hyperref.cfg 2002/06/06 v1.2 hyperref configuration of TeXLive
)
(/usr/share/texmf/tex/latex/oberdiek/kvoptions.sty
Package: kvoptions 2009/08/13 v3.4 Keyval support for LaTeX options (HO)

(/usr/share/texmf/tex/generic/oberdiek/kvsetkeys.sty
Package: kvsetkeys 2009/07/30 v1.5 Key value parser with default handler suppor
t (HO)
))
Package hyperref Info: Hyper figures OFF on input line 2975.
Package hyperref Info: Link nesting OFF on input line 2980.
Package hyperref Info: Hyper index ON on input line 2983.
Package hyperref Info: Plain pages OFF on input line 2990.
Package hyperref Info: Backreferencing OFF on input line 2995.

Implicit mode ON; LaTeX internals redefined
Package hyperref Info: Bookmarks ON on input line 3191.
LaTeX Info: Redefining \url on input line 3428.
(/usr/share/texmf/tex/generic/oberdiek/bitset.sty
Package: bitset 2007/09/28 v1.0 Data type bit set (HO)

(/usr/share/texmf/tex/generic/oberdiek/intcalc.sty
Package: intcalc 2007/09/27 v1.1 Expandable integer calculations (HO)
)
(/usr/share/texmf/tex/generic/oberdiek/bigintcalc.sty
Package: bigintcalc 2007/11/11 v1.1 Expandable big integer calculations (HO)

(/usr/share/texmf/tex/generic/oberdiek/pdftexcmds.sty
Package: pdftexcmds 2009/09/23 v0.6 LuaTeX support for pdfTeX utility functions
 (HO)

(/usr/share/texmf/tex/generic/oberdiek/ifluatex.sty
Package: ifluatex 2009/04/17 v1.2 Provides the ifluatex switch (HO)
Package ifluatex Info: LuaTeX not detected.
)
(/usr/share/texmf/tex/generic/oberdiek/ltxcmds.sty
Package: ltxcmds 2009/08/05 v1.0 Some LaTeX kernel commands for general use (HO
)
)
Package pdftexcmds Info: LuaTeX not detected.
Package pdftexcmds Info: \pdf@primitive is available.
Package pdftexcmds Info: \pdf@ifprimitive is available.
)))
\Fld@menulength=\count126
\Field@Width=\dimen127
\Fld@charsize=\dimen128
\Field@toks=\toks39
Package hyperref Info: Hyper figures OFF on input line 4377.
Package hyperref Info: Link nesting OFF on input line 4382.
Package hyperref Info: Hyper index ON on input line 4385.
Package hyperref Info: backreferencing OFF on input line 4392.
Package hyperref Info: Link coloring OFF on input line 4397.
Package hyperref Info: Link coloring with OCG OFF on input line 4402.
Package hyperref Info: PDF/A mode OFF on input line 4407.

(/usr/share/texmf/tex/generic/oberdiek/atbegshi.sty
Package: atbegshi 2008/07/31 v1.9 At begin shipout hook (HO)
)
\Hy@abspage=\count127
\c@Item=\count128
\c@Hfootnote=\count129
)
*hyperref using default driver hpdftex*
(/usr/share/texmf/tex/latex/hyperref/hpdftex.def
File: hpdftex.def 2009/10/09 v6.79a Hyperref driver for pdfTeX
\Fld@listcount=\count130
)

Package hyperref Warning: Option `bookmarks' has already been used,
(hyperref)                setting the option has no effect on input line 67.

Package hyperref Info: Option `unicode' set `false' on input line 67.
(/usr/share/texmf/tex/latex/hyperref/puenc.def
File: puenc.def 2009/10/09 v6.79a Hyperref: PDF Unicode definition (HO)
)
Package hyperref Info: Option `pdftoolbar' set `true' on input line 67.
Package hyperref Info: Option `pdfmenubar' set `true' on input line 67.
Package hyperref Info: Option `pdffitwindow' set `false' on input line 67.
Package hyperref Info: Option `pdfnewwindow' set `true' on input line 67.
Package hyperref Info: Option `colorlinks' set `true' on input line 67.


Package hyperref Warning: Option `pagebackref' has already been used,
(hyperref)                setting the option has no effect on input line 67.

(./Thesis.Elaboration.PedroMarquesdaSilva.aux (./Contracapa.aux)
(./resumopt.aux) (./resumoen.aux) (./capitulo1.aux) (./capitulo2.aux)
(./capitulo3.aux) (./capitulo4.aux) (./capitulo5.aux) (./capitulo6.aux)
(./capitulo7.aux))
\openout1 = `Thesis.Elaboration.PedroMarquesdaSilva.aux'.

LaTeX Font Info:    Checking defaults for OML/cmm/m/it on input line 117.
LaTeX Font Info:    ... okay on input line 117.
LaTeX Font Info:    Checking defaults for T1/cmr/m/n on input line 117.
LaTeX Font Info:    ... okay on input line 117.
LaTeX Font Info:    Checking defaults for OT1/cmr/m/n on input line 117.
LaTeX Font Info:    ... okay on input line 117.
LaTeX Font Info:    Checking defaults for OMS/cmsy/m/n on input line 117.
LaTeX Font Info:    ... okay on input line 117.
LaTeX Font Info:    Checking defaults for OMX/cmex/m/n on input line 117.
LaTeX Font Info:    ... okay on input line 117.
LaTeX Font Info:    Checking defaults for U/cmr/m/n on input line 117.
LaTeX Font Info:    ... okay on input line 117.
LaTeX Font Info:    Checking defaults for TS1/cmr/m/n on input line 117.
LaTeX Font Info:    Try loading font information for TS1+cmr on input line 117.

 (/usr/share/texmf/tex/latex/base/ts1cmr.fd
File: ts1cmr.fd 1999/05/25 v2.5h Standard LaTeX font definitions
)
LaTeX Font Info:    ... okay on input line 117.
LaTeX Font Info:    Checking defaults for PD1/pdf/m/n on input line 117.
LaTeX Font Info:    ... okay on input line 117.
LaTeX Font Info:    Checking defaults for PU/pdf/m/n on input line 117.
LaTeX Font Info:    ... okay on input line 117.
LaTeX Font Info:    Try loading font information for T1+ptm on input line 117.

(/usr/share/texmf/tex/latex/psnfss/t1ptm.fd
File: t1ptm.fd 2001/06/04 font definitions for T1/ptm.
)
(/usr/share/texmf/tex/context/base/supp-pdf.mkii
[Loading MPS to PDF converter (version 2006.09.02).]
\scratchcounter=\count131
\scratchdimen=\dimen129
\scratchbox=\box35
\nofMPsegments=\count132
\nofMParguments=\count133
\everyMPshowfont=\toks40
\MPscratchCnt=\count134
\MPscratchDim=\dimen130
\MPnumerator=\count135
\everyMPtoPDFconversion=\toks41
)
\c@lstlisting=\count136
Package hyperref Info: Link coloring ON on input line 117.
 (/usr/share/texmf/tex/latex/hyperref/nameref.sty
Package: nameref 2007/05/29 v2.31 Cross-referencing by name of section

(/usr/share/texmf/tex/latex/oberdiek/refcount.sty
Package: refcount 2008/08/11 v3.1 Data extraction from references (HO)
)
\c@section@level=\count137
)
LaTeX Info: Redefining \ref on input line 117.
LaTeX Info: Redefining \pageref on input line 117.

(./Thesis.Elaboration.PedroMarquesdaSilva.out)
(./Thesis.Elaboration.PedroMarquesdaSilva.out)
\@outlinefile=\write4
\openout4 = `Thesis.Elaboration.PedroMarquesdaSilva.out'.

\AtBeginShipoutBox=\box36
 (./logounl.tex
<logounl.jpg, id=303, 97.36375pt x 97.36375pt>
File: logounl.jpg Graphic file (type jpg)
 <use logounl.jpg>)
LaTeX Font Info:    Font shape `T1/ptm/bx/n' in size <17.28> not available
(Font)              Font shape `T1/ptm/b/n' tried instead on input line 123.
LaTeX Font Info:    Try loading font information for TS1+ptm on input line 123.


(/usr/share/texmf/tex/latex/psnfss/ts1ptm.fd
File: ts1ptm.fd 2001/06/04 font definitions for TS1/ptm.
)
LaTeX Font Info:    Try loading font information for OT1+ztmcm on input line 12
3.

(/usr/share/texmf/tex/latex/psnfss/ot1ztmcm.fd
File: ot1ztmcm.fd 2000/01/03 Fontinst v1.801 font definitions for OT1/ztmcm.
)
LaTeX Font Info:    Try loading font information for OML+ztmcm on input line 12
3.

(/usr/share/texmf/tex/latex/psnfss/omlztmcm.fd
File: omlztmcm.fd 2000/01/03 Fontinst v1.801 font definitions for OML/ztmcm.
)
LaTeX Font Info:    Try loading font information for OMS+ztmcm on input line 12
3.

(/usr/share/texmf/tex/latex/psnfss/omsztmcm.fd
File: omsztmcm.fd 2000/01/03 Fontinst v1.801 font definitions for OMS/ztmcm.
)
LaTeX Font Info:    Try loading font information for OMX+ztmcm on input line 12
3.

(/usr/share/texmf/tex/latex/psnfss/omxztmcm.fd
File: omxztmcm.fd 2000/01/03 Fontinst v1.801 font definitions for OMX/ztmcm.
)
LaTeX Font Info:    Try loading font information for OT1+ptm on input line 123.


(/usr/share/texmf/tex/latex/psnfss/ot1ptm.fd
File: ot1ptm.fd 2001/06/04 font definitions for OT1/ptm.
)
LaTeX Font Info:    Font shape `OT1/ptm/bx/n' in size <14.4> not available
(Font)              Font shape `OT1/ptm/b/n' tried instead on input line 123.
LaTeX Font Info:    Font shape `OT1/ptm/bx/n' in size <10.95> not available
(Font)              Font shape `OT1/ptm/b/n' tried instead on input line 123.
LaTeX Font Info:    Font shape `OT1/ptm/bx/n' in size <8> not available
(Font)              Font shape `OT1/ptm/b/n' tried instead on input line 123.
 [1



{/var/lib/texmf/fonts/map/pdftex/updmap/pdftex.map} <./logounl.jpg>] [2

] (./logounl.tex
File: logounl.jpg Graphic file (type jpg)
 <use logounl.jpg>)
Overfull \hbox (58.02171pt too wide) in paragraph at lines 126--126
 [] 
 []

[3] [4

] [5]
\openout2 = `Contracapa.aux'.

 (./Contracapa.tex [6


]) [7]
\openout2 = `resumopt.aux'.

 (./resumopt.tex [8



]
Underfull \hbox (badness 10000) in paragraph at lines 1--8

 []


Underfull \hbox (badness 10000) in paragraph at lines 21--36

 []

) [9]
\openout2 = `resumoen.aux'.

 (./resumoen.tex [10



]
Underfull \hbox (badness 10000) in paragraph at lines 1--8

 []

)
Underfull \hbox (badness 10000) in paragraph at lines 20--139

 []

[11] [12


] (./Thesis.Elaboration.PedroMarquesdaSilva.toc
LaTeX Font Info:    Font shape `T1/ptm/bx/n' in size <12> not available
(Font)              Font shape `T1/ptm/b/n' tried instead on input line 2.
LaTeX Font Info:    Font shape `OT1/ptm/bx/n' in size <12> not available
(Font)              Font shape `OT1/ptm/b/n' tried instead on input line 3.
LaTeX Font Info:    Font shape `OT1/ptm/bx/n' in size <9> not available
(Font)              Font shape `OT1/ptm/b/n' tried instead on input line 3.
LaTeX Font Info:    Font shape `OT1/ptm/bx/n' in size <7> not available
(Font)              Font shape `OT1/ptm/b/n' tried instead on input line 3.

Overfull \hbox (21.50046pt too wide) in paragraph at lines 39--39
 [][] [][][] \T1/ptm/m/it/12 INtrusion-tolerant rou-ting pro-to-col for wi-re-l
ess SEn-sor NetworkS 
 []

[13] [14])
\tf@toc=\write5
\openout5 = `Thesis.Elaboration.PedroMarquesdaSilva.toc'.

 [15] [16

] (./Thesis.Elaboration.PedroMarquesdaSilva.lof)
\tf@lof=\write6
\openout6 = `Thesis.Elaboration.PedroMarquesdaSilva.lof'.

 [17]
[18

] (./Thesis.Elaboration.PedroMarquesdaSilva.lot

LaTeX Warning: Citation `SNMuseum' on page xix undefined on input line 4.


LaTeX Warning: Citation `SNMuseum' on page xix undefined on input line 5.

)
\tf@lot=\write7
\openout7 = `Thesis.Elaboration.PedroMarquesdaSilva.lot'.

 [19] [20

]
\openout2 = `capitulo1.aux'.

 (./capitulo1.tex
LaTeX Font Info:    Font shape `T1/ptm/bx/n' in size <20.74> not available
(Font)              Font shape `T1/ptm/b/n' tried instead on input line 1.
LaTeX Font Info:    Font shape `T1/ptm/bx/n' in size <14.4> not available
(Font)              Font shape `T1/ptm/b/n' tried instead on input line 3.

Underfull \vbox (badness 10000) has occurred while \output is active []

 [1


]
Underfull \vbox (badness 2512) has occurred while \output is active []

 [2]
LaTeX Font Info:    Font shape `T1/ptm/bx/it' in size <12> not available
(Font)              Font shape `T1/ptm/b/it' tried instead on input line 66.

(./pic_stack_services.tex <pilha_soft.png, id=562, 365.365pt x 386.44376pt>
File: pilha_soft.png Graphic file (type png)

<use pilha_soft.png> <stackProtocol.png, id=563, 154.5775pt x 165.61874pt>
File: stackProtocol.png Graphic file (type png)

<use stackProtocol.png>
LaTeX Font Info:    Font shape `T1/ptm/bx/n' in size <10.95> not available
(Font)              Font shape `T1/ptm/b/n' tried instead on input line 8.

Underfull \vbox (badness 1178) has occurred while \output is active []

 [3])
Underfull \vbox (badness 10000) has occurred while \output is active []

 [4 <./pilha_soft.png (PNG copy)> <./stackProtocol.png (PNG copy)>] [5]) [6]
\openout2 = `capitulo2.aux'.


(./capitulo2.tex (./capitulo2_RSSF.tex

LaTeX Warning: Citation `REFERENCIA' on page 7 undefined on input line 5.

(./pic_sensornode.tex <SENSOR_NODE.png, id=633, 228.855pt x 180.675pt>
File: SENSOR_NODE.png Graphic file (type png)

<use SENSOR_NODE.png>)
Underfull \vbox (badness 10000) has occurred while \output is active []

 [7



]

LaTeX Warning: Citation `Holger_Karl_protocols_andarchs_wsn' on page 8 undefine
d on input line 26.


LaTeX Warning: Citation `atmel' on page 8 undefined on input line 30.


LaTeX Warning: Citation `TIMSP430' on page 8 undefined on input line 31.

LaTeX Font Info:    Font shape `OT1/ptm/bx/n' in size <10> not available
(Font)              Font shape `OT1/ptm/b/n' tried instead on input line 42.
LaTeX Font Info:    Font shape `OT1/ptm/bx/n' in size <7.4> not available
(Font)              Font shape `OT1/ptm/b/n' tried instead on input line 42.
LaTeX Font Info:    Font shape `OT1/ptm/bx/n' in size <6> not available
(Font)              Font shape `OT1/ptm/b/n' tried instead on input line 42.

LaTeX Warning: Citation `XEMICS XE1205' on page 8 undefined on input line 52.


LaTeX Warning: Citation `CHIPCON2420' on page 8 undefined on input line 53.

[8 <./SENSOR_NODE.png (PNG copy)>]

LaTeX Warning: Citation `Contiki' on page 9 undefined on input line 75.


LaTeX Warning: Citation `TinyOS' on page 9 undefined on input line 76.


LaTeX Warning: Citation `MICA' on page 9 undefined on input line 95.


LaTeX Warning: Citation `CrossbowSite' on page 9 undefined on input line 95.

(./tab_RSSF_Energia.tex

LaTeX Warning: Citation `SNMuseum' on page 9 undefined on input line 18.


LaTeX Warning: Citation `SNMuseum' on page 9 undefined on input line 37.

)

LaTeX Warning: Citation `APPLICAÇÔES' on page 9 undefined on input line 99.


LaTeX Warning: Citation `energia' on page 9 undefined on input line 110.

[9]

LaTeX Warning: Citation `MACs' on page 10 undefined on input line 122.


LaTeX Warning: Citation `mica2' on page 10 undefined on input line 128.


Underfull \vbox (badness 1769) has occurred while \output is active []

 [10]

LaTeX Warning: Citation `Germano_Guimarães' on page 11 undefined on input line 
136.


LaTeX Warning: Citation `outros' on page 11 undefined on input line 136.


LaTeX Warning: Citation `PAPERS_CRIPTENERGIA' on page 11 undefined on input lin
e 147.


LaTeX Warning: Citation `PAPERS_ENERGIA' on page 11 undefined on input line 149
.


LaTeX Warning: Citation `MAC_ENERGIA' on page 11 undefined on input line 152.

) (./capitulo2_modelo_adversario_ataques_contramedidas.tex
Overfull \hbox (9.51198pt too wide) in paragraph at lines 2--2
[]\T1/ptm/b/n/14.4 Modelo de Ad-ver-sá-rio, Ata-ques ao En-ca-mi-nha-mento e Co
ntra-medidas 
 []

(./capitulo2_arq_servicos_seguranca.tex [11] [12]
Underfull \vbox (badness 2293) has occurred while \output is active []

 [13]
[14]) (./capitulo2_modelo_de_adversario.tex [15]
Underfull \vbox (badness 4913) has occurred while \output is active []

 [16])
(./capitulo2_ataques_encaminhamento.tex
Underfull \vbox (badness 1838) has occurred while \output is active []

 [17]
[18] [19]
Underfull \vbox (badness 10000) has occurred while \output is active []

 [20])
(./capitulo2_intrusao.tex [21])) (./capitulo2_protocolos.tex [22]
Underfull \vbox (badness 1454) has occurred while \output is active []

 [23]
Underfull \vbox (badness 10000) has occurred while \output is active []

 [24]
Underfull \vbox (badness 4913) has occurred while \output is active []

 [25]
Underfull \vbox (badness 2512) has occurred while \output is active []

 [26])
(./capitulo2_ambientes_de_simulacao.tex [27] [28] [29] [30])
(./capitulo2_discussao.tex [31] (./tab_ataques_contramedidas.tex
LaTeX Font Info:    Font shape `OT1/ptm/bx/n' in size <5> not available
(Font)              Font shape `OT1/ptm/b/n' tried instead on input line 5.

Underfull \hbox (badness 10000) in paragraph at lines 20--20
[]|\T1/ptm/m/n/6 Autenticação com ve-ri-fi-ca-ção bi-di-rec-ti-o-
 []

) [32] (./tab_protocolos_ataques.tex
LaTeX Font Info:    Font shape `T1/ptm/bx/n' in size <6> not available
(Font)              Font shape `T1/ptm/b/n' tried instead on input line 7.
LaTeX Font Info:    Font shape `T1/ptm/bx/it' in size <6> not available
(Font)              Font shape `T1/ptm/b/it' tried instead on input line 10.
) (./tab_simuladores_criterios.tex
LaTeX Font Info:    Font shape `T1/ptm/bx/n' in size <8> not available
(Font)              Font shape `T1/ptm/b/n' tried instead on input line 9.
LaTeX Font Info:    Font shape `T1/ptm/bx/n' in size <10> not available
(Font)              Font shape `T1/ptm/b/n' tried instead on input line 13.
LaTeX Font Info:    Font shape `T1/ptm/bx/it' in size <10> not available
(Font)              Font shape `T1/ptm/b/it' tried instead on input line 13.

Underfull \hbox (badness 10000) in paragraph at lines 19--19
[]|\T1/ptm/m/n/8 Apenas co-
 []


Overfull \vbox (41.94972pt too high) detected at line 22
 []


Overfull \hbox (2.20056pt too wide) in paragraph at lines 23--23
[]|\T1/ptm/m/n/8 Documentado
 []


Overfull \hbox (2.20056pt too wide) in paragraph at lines 23--24
[]|\T1/ptm/m/n/8 Documentado
 []


Underfull \hbox (badness 10000) in paragraph at lines 25--25
[]|\T1/ptm/m/n/8 Sim, mas
 []


Underfull \hbox (badness 10000) in paragraph at lines 25--26
[]|\T1/ptm/m/n/8 Sim, mas
 []


Underfull \hbox (badness 10000) in paragraph at lines 25--26
\T1/ptm/m/n/8 muito sim-
 []


Underfull \hbox (badness 10000) in paragraph at lines 26--26
[]|\T1/ptm/m/n/8 Sim, mas
 []


Underfull \hbox (badness 10000) in paragraph at lines 28--29
[]|\T1/ptm/m/n/8 Sim, para
 []


Underfull \hbox (badness 10000) in paragraph at lines 28--29
\T1/ptm/m/n/8 pla-ta-for-mas
 []


Underfull \hbox (badness 1675) in paragraph at lines 32--33
[]|\T1/ptm/m/n/8 Existem fer-
 []


Underfull \hbox (badness 10000) in paragraph at lines 33--33
\T1/ptm/m/n/8 em tempo
 []


Underfull \hbox (badness 10000) in paragraph at lines 33--33
\T1/ptm/m/n/8 de-pois de
 []


Underfull \hbox (badness 10000) in paragraph at lines 33--33
\T1/ptm/m/n/8 exe-cu-tar a
 []


Underfull \hbox (badness 10000) in paragraph at lines 36--36
[]|\T1/ptm/m/n/8 Existem al-
 []


Underfull \hbox (badness 3168) in paragraph at lines 36--36
\T1/ptm/m/n/8 po-dendo ser
 []


Underfull \hbox (badness 6825) in paragraph at lines 37--37
\T1/ptm/m/n/8 al-guns mo-de-los,
 []


Overfull \hbox (4.49129pt too wide) in paragraph at lines 6--41
 [][] 
 []

) [33] [34])) [35]
\openout2 = `capitulo3.aux'.

 (./capitulo3.tex [36



]

LaTeX Warning: Citation `mica2' on page 37 undefined on input line 41.

[37] (./pic_sim_jprowler_cd.tex
<JProwlerClassDiagram.png, id=986, 829.59938pt x 411.78844pt>
File: JProwlerClassDiagram.png Graphic file (type png)

<use JProwlerClassDiagram.png>) [38 <./JProwlerClassDiagram.png (PNG copy)>]

LaTeX Warning: Citation `VER_CITACAO DA PILHA' on page 39 undefined on input li
ne 68.


Underfull \vbox (badness 10000) has occurred while \output is active []

 [39]
(./pic_sim_arch.tex
<Simulador_arquitectura.png, id=1003, 925.4575pt x 593.21625pt>
File: Simulador_arquitectura.png Graphic file (type png)

<use Simulador_arquitectura.png>) (./pic_nodestackcomponents.tex
<SensorNodeStack.png, id=1006, 215.80624pt x 231.86626pt>
File: SensorNodeStack.png Graphic file (type png)

<use SensorNodeStack.png>
<sensorNode_components.png, id=1007, 215.80624pt x 231.86626pt>
File: sensorNode_components.png Graphic file (type png)

<use sensorNode_components.png>)
Underfull \vbox (badness 1248) has occurred while \output is active []

 [40 <./Simulador_arquitectura.png (PNG copy)>]
Underfull \vbox (badness 1303) has occurred while \output is active []

 [41 <./SensorNodeStack.png (PNG copy)> <./sensorNode_components.png (PNG copy)
>]
Underfull \vbox (badness 3219) has occurred while \output is active []

 [42]
[43]
Underfull \vbox (badness 1072) has occurred while \output is active []

 [44]

LaTeX Warning: Citation `HUMiDADE_RADIO' on page 45 undefined on input line 309
.

[45]) [46]
\openout2 = `capitulo4.aux'.

 (./capitulo4.tex
Underfull \vbox (badness 1558) has occurred while \output is active []

 [47



]
(./capitulo4_energia.tex (./pic_tabela_eventos.tex
<tab_eventos.png, id=1059, 680.7834pt x 456.2646pt>
File: tab_eventos.png Graphic file (type png)
 <use tab_eventos.png>
Overfull \hbox (28.44794pt too wide) in paragraph at lines 3--4
 [][] 
 []

) [48]
LaTeX Font Info:    Try loading font information for T1+pcr on input line 50.
 (/usr/share/texmf/tex/latex/psnfss/t1pcr.fd
File: t1pcr.fd 2001/06/04 font definitions for T1/pcr.
)

LaTeX Warning: Citation `MAC' on page 49 undefined on input line 51.


Overfull \hbox (4.61916pt too wide) in paragraph at lines 50--52
[] \T1/ptm/m/n/12 De
 []


Underfull \vbox (badness 10000) has occurred while \output is active []

 [49 <./tab_eventos.png>]
Underfull \vbox (badness 10000) has occurred while \output is active []

 [50]

LaTeX Warning: Citation `ENERGIA' on page 51 undefined on input line 53.


LaTeX Warning: Citation `ENERGIA2' on page 51 undefined on input line 53.


Underfull \hbox (badness 10000) in paragraph at lines 55--56

 []


Overfull \hbox (5.97206pt too wide) in paragraph at lines 68--69
[][] 
 []


Underfull \vbox (badness 10000) has occurred while \output is active []

 [51]
(./pic_DS_TransmissionPower.tex
<DS_TransmissionPower.png, id=1080, 697.10437pt x 351.56343pt>
File: DS_TransmissionPower.png Graphic file (type png)

<use DS_TransmissionPower.png>)
Underfull \vbox (badness 10000) has occurred while \output is active []

 [52]
Underfull \vbox (badness 10000) has occurred while \output is active []

 [53 <./DS_TransmissionPower.png (PNG copy)>]) (./capitulo4_cobertura.tex)
(./capitulo4_fiabilidade.tex [54]) (./capitulo4_latencia.tex
Underfull \vbox (badness 10000) has occurred while \output is active []

 [55])
(./capitulo4_visualizacao_controlo.tex
Underfull \vbox (badness 5548) has occurred while \output is active []

 [56]
(./pic_simulator.tex <simulator.png, id=1102, 1284.8pt x 803.0pt>
File: simulator.png Graphic file (type png)

<use simulator.png>)
Underfull \vbox (badness 10000) has occurred while \output is active []

 [57])
(./capitulo4_API.tex)) [58 <./simulator.png (PNG copy)>]
\openout2 = `capitulo5.aux'.

 (./capitulo5.tex
Underfull \hbox (badness 10000) in paragraph at lines 3--16

 []

) [59



]
\openout2 = `capitulo6.aux'.

 (./capitulo6.tex [60



]) [61]
\openout2 = `capitulo7.aux'.

 (./capitulo7.tex [62



]) [63] [64


]
(./Thesis.Elaboration.PedroMarquesdaSilva.bbl
Underfull \hbox (badness 10000) in paragraph at lines 4--7
[]\T1/ptm/m/n/12 BTnodes - a dis-tri-bu-ted en-vi-ron-ment for pro-toty-ping ad
 hoc networks.
 []


Overfull \hbox (26.58253pt too wide) in paragraph at lines 13--15
[]\T1/ptm/m/n/12 Gateways - cros-s-bow te-ch-no-logy.  http://www.xbow.com/Prod
ucts/productdetails.aspx?sid=159. 
 []


Underfull \hbox (badness 10000) in paragraph at lines 41--43
[]\T1/ptm/m/n/12 Nano-RK: a wi-re-less sen-sor networ-king Real-Time ope-ra-tin
g sys-tem.
 []


Underfull \hbox (badness 10000) in paragraph at lines 49--51
[]\T1/ptm/m/n/12 SENSE-3.0: sen-sor network si-mu-la-tor and emu-la-tor.
 []


Underfull \hbox (badness 1270) in paragraph at lines 61--64
[]\T1/ptm/m/n/12 TinyOS com-mu-nity fo-rum || an open-source OS for the networ-
ked-sen-sor re-gime.
 []

[65

] [66] [67] [68] [69] [70]) [71]
(./Thesis.Elaboration.PedroMarquesdaSilva.aux (./Contracapa.aux)
(./resumopt.aux) (./resumoen.aux) (./capitulo1.aux) (./capitulo2.aux)
(./capitulo3.aux) (./capitulo4.aux) (./capitulo5.aux) (./capitulo6.aux)
(./capitulo7.aux))

LaTeX Warning: There were undefined references.

 )
(\end occurred when \if on line 126 was incomplete)
(\end occurred when \if on line 126 was incomplete)
(\end occurred when \if on line 123 was incomplete) 
Here is how much of TeX's memory you used:
 10862 strings out of 493848
 146851 string characters out of 3155813
 238014 words of memory out of 3500000
 13416 multiletter control sequences out of 15000+200000
 113014 words of font info for 162 fonts, out of 3000000 for 9000
 714 hyphenation exceptions out of 8191
 41i,14n,40p,979b,430s stack positions out of 5000i,500n,10000p,200000b,50000s
{/usr/share/texmf/fonts/enc/
dvips/base/8r.enc}</usr/share/texmf/fonts/type1/public/amsfonts/cm/cmr10.pfb></
usr/share/texmf/fonts/type1/public/amsfonts/symbols/msam10.pfb></usr/share/texm
f/fonts/type1/urw/courier/ucrr8a.pfb></usr/share/texmf/fonts/type1/urw/symbol/u
syr.pfb></usr/share/texmf/fonts/type1/urw/times/utmb8a.pfb></usr/share/texmf/fo
nts/type1/urw/times/utmbi8a.pfb></usr/share/texmf/fonts/type1/urw/times/utmr8a.
pfb></usr/share/texmf/fonts/type1/urw/times/utmri8a.pfb>
Output written on Thesis.Elaboration.PedroMarquesdaSilva.pdf (91 pages, 848981 
bytes).
PDF statistics:
 1271 PDF objects out of 1440 (max. 8388607)
 313 named destinations out of 1000 (max. 500000)
 656 words of extra memory for PDF output out of 10000 (max. 10000000)

