\BOOKMARK [0][-]{chapter.1}{Introdu\347\343o}{}% 1
\BOOKMARK [1][-]{section.1.1}{Introdu\347\343o geral}{chapter.1}% 2
\BOOKMARK [2][-]{subsection.1.1.1}{Caracteriza\347\343o de RSSF}{section.1.1}% 3
\BOOKMARK [2][-]{subsection.1.1.2}{Aplica\347\365es}{section.1.1}% 4
\BOOKMARK [1][-]{section.1.2}{Seguran\347a em RSSF}{chapter.1}% 5
\BOOKMARK [1][-]{section.1.3}{Objectivos e contribui\347\365es previstas para a disserta\347\343o}{chapter.1}% 6
\BOOKMARK [0][-]{chapter.2}{Trabalho relacionado}{}% 7
\BOOKMARK [1][-]{section.2.1}{Modelo de Advers\341rio, Ataques ao Encaminhamento e Contra-medidas}{chapter.2}% 8
\BOOKMARK [2][-]{subsection.2.1.1}{Arquitectura de Servi\347os de Seguran\347a em RSSF}{section.2.1}% 9
\BOOKMARK [3][-]{subsubsection.2.1.1.1}{Requisitos de seguran\347a de uma RSSF}{subsection.2.1.1}% 10
\BOOKMARK [3][-]{subsubsection.2.1.1.2}{Servi\347os B\341sicos de Seguran\347a}{subsection.2.1.1}% 11
\BOOKMARK [2][-]{subsection.2.1.2}{Modelo de Advers\341rio}{section.2.1}% 12
\BOOKMARK [3][-]{subsubsection.2.1.2.1}{Modelo de Dolev-Yao}{subsection.2.1.2}% 13
\BOOKMARK [3][-]{subsubsection.2.1.2.2}{Modelo de Intrus\343o em RSSF}{subsection.2.1.2}% 14
\BOOKMARK [2][-]{subsection.2.1.3}{Ataques ao Encaminhamento}{section.2.1}% 15
\BOOKMARK [2][-]{subsection.2.1.4}{Ataques \340 organiza\347\343o da rede e descoberta de n\363s}{section.2.1}% 16
\BOOKMARK [3][-]{subsubsection.2.1.4.1}{Contra-medidas}{subsection.2.1.4}% 17
\BOOKMARK [2][-]{subsection.2.1.5}{Ataques ao estabelecimento de rotas}{section.2.1}% 18
\BOOKMARK [3][-]{subsubsection.2.1.5.1}{Contra-medidas}{subsection.2.1.5}% 19
\BOOKMARK [2][-]{subsection.2.1.6}{Ataques \340 manuten\347\343o de rotas}{section.2.1}% 20
\BOOKMARK [3][-]{subsubsection.2.1.6.1}{Contra-medidas}{subsection.2.1.6}% 21
\BOOKMARK [2][-]{subsection.2.1.7}{Ataques por Intrus\343o/Replica\347\343o}{section.2.1}% 22
\BOOKMARK [3][-]{subsubsection.2.1.7.1}{Contra-medidas}{subsection.2.1.7}% 23
\BOOKMARK [1][-]{section.2.2}{Estudo de Protocolos de Encaminhamento Seguro para RSSF}{chapter.2}% 24
\BOOKMARK [2][-]{subsection.2.2.1}{Caracteriza\347\343o dos protocolos de encaminhamento em RSSF}{section.2.2}% 25
\BOOKMARK [2][-]{subsection.2.2.2}{Protocolos de encaminhamento seguro em RSSF}{section.2.2}% 26
\BOOKMARK [3][-]{subsubsection.2.2.2.1}{Secure Implicit Geographic Forwarding \(SIGF\)}{subsection.2.2.2}% 27
\BOOKMARK [3][-]{subsubsection.2.2.2.2}{ INtrusion-tolerant routing protocol for wireless SEnsor NetworkS \(INSENS\)}{subsection.2.2.2}% 28
\BOOKMARK [3][-]{subsubsection.2.2.2.3}{Secure Sensor Network Routing: Clean-Slate approach}{subsection.2.2.2}% 29
\BOOKMARK [1][-]{section.2.3}{Ambientes de Simula\347\343o}{chapter.2}% 30
\BOOKMARK [2][-]{subsection.2.3.1}{Crit\351rios Relacionados com Engenharia de Software}{section.2.3}% 31
\BOOKMARK [2][-]{subsection.2.3.2}{Crit\351rios Relacionados com as RSSF}{section.2.3}% 32
\BOOKMARK [2][-]{subsection.2.3.3}{Prowler/JProwler}{section.2.3}% 33
\BOOKMARK [2][-]{subsection.2.3.4}{J-Sim}{section.2.3}% 34
\BOOKMARK [2][-]{subsection.2.3.5}{Freemote}{section.2.3}% 35
\BOOKMARK [2][-]{subsection.2.3.6}{ShoX}{section.2.3}% 36
\BOOKMARK [1][-]{section.2.4}{ Discuss\343o e Resumo do Trabalho Relacionado}{chapter.2}% 37
\BOOKMARK [0][-]{chapter.3}{Abordagem \340 fase de elabora\347\343o da disserta\347\343o}{}% 38
\BOOKMARK [1][-]{section.3.1}{Desenho e concep\347\343o da plataforma de simula\347\343o}{chapter.3}% 39
\BOOKMARK [2][-]{subsection.3.1.1}{Consolida\347\343o da avalia\347\343o de ambientes de simula\347\343o e a sua incorpora\347\343o}{section.3.1}% 40
\BOOKMARK [2][-]{subsection.3.1.2}{Apresenta\347\343o preliminar da arquitectura da plataforma de simula\347\343o}{section.3.1}% 41
\BOOKMARK [3][-]{subsubsection.3.1.2.1}{Mecanismo de Configura\347\343o}{subsection.3.1.2}% 42
\BOOKMARK [3][-]{subsubsection.3.1.2.2}{Mecanismo de Gera\347\343o de Topologias}{subsection.3.1.2}% 43
\BOOKMARK [3][-]{subsubsection.3.1.2.3}{Mecanismo de Gest\343o de Consumo de Energia}{subsection.3.1.2}% 44
\BOOKMARK [3][-]{subsubsection.3.1.2.4}{Mecanismo de Injec\347\343o de Falhas / Ataques ao Encaminhamento }{subsection.3.1.2}% 45
\BOOKMARK [3][-]{subsubsection.3.1.2.5}{Consola de Visualiza\347\343o e Controlo de Simula\347\343o }{subsection.3.1.2}% 46
\BOOKMARK [3][-]{subsubsection.3.1.2.6}{Avalia\347\343o da Solu\347\343o}{subsection.3.1.2}% 47
\BOOKMARK [2][-]{subsection.3.1.3}{Implementa\347\343o de Protocolos de Encaminhamento Seguro em RSSF}{section.3.1}% 48
\BOOKMARK [3][-]{subsubsection.3.1.3.1}{Fase de desenho dos algoritmos baseado nas especifica\347\365es}{subsection.3.1.3}% 49
\BOOKMARK [3][-]{subsubsection.3.1.3.2}{Fase de avalia\347\343o dos algoritmos}{subsection.3.1.3}% 50
\BOOKMARK [0][-]{chapter.4}{Plano de trabalho}{}% 51
