#
# A fatal error has been detected by the Java Runtime Environment:
#
#  SIGSEGV (0xb) at pc=0xb6bf7476, pid=1608, tid=784550768
#
# JRE version: 6.0_23-b05
# Java VM: Java HotSpot(TM) Server VM (19.0-b09 mixed mode linux-x86 )
# Problematic frame:
# V  [libjvm.so+0x156476]
#
# If you would like to submit a bug report, please visit:
#   http://java.sun.com/webapps/bugreport/crash.jsp
#

---------------  T H R E A D  ---------------

Current thread (0x2ee72000):  VMThread [stack: 0x2ebb4000,0x2ec35000] [id=1616]

siginfo:si_signo=SIGSEGV: si_errno=0, si_code=1 (SEGV_MAPERR), si_addr=0x000004d4

Registers:
EAX=0x36fd3348, EBX=0xb725dfc0, ECX=0x00000135, EDX=0x00000000
ESP=0x2ec33d60, EBP=0x2ec33d68, ESI=0x36fd333c, EDI=0x00000005
EIP=0xb6bf7476, CR2=0x000004d4, EFLAGS=0x00010293

Register to memory mapping:

EAX=0x36fd3348
java.awt.event.InvocationEvent 
 - klass: 'java/awt/event/InvocationEvent'

EBX=0xb725dfc0
0xb725dfc0: <offset 0x7bcfc0> in /usr/lib/jvm/java-1.6.0-sun-1.6.0/jre/lib/i386/server/libjvm.so at 0xb6aa1000

ECX=0x00000135
0x00000135 is pointing to unknown location

EDX=0x00000000
0x00000000 is pointing to unknown location

ESP=0x2ec33d60
0x2ec33d60 is pointing to unknown location

EBP=0x2ec33d68
0x2ec33d68 is pointing to unknown location

ESI=0x36fd333c
java.awt.EventQueueItem 
 - klass: 'java/awt/EventQueueItem'

EDI=0x00000005
0x00000005 is pointing to unknown location


Top of Stack: (sp=0x2ec33d60)
0x2ec33d60:   00000000 36fd3348 2ec33da8 b6e37f12
0x2ec33d70:   b725dfc0 36fd3348 00000000 00000000
0x2ec33d80:   2ec33e20 00000000 2ec33da8 36fd3344
0x2ec33d90:   2fbed318 2fbed310 00000003 36fcbf50
0x2ec33da0:   2ec33e20 00000000 2ec33de8 b6fe66bd
0x2ec33db0:   2fbed1c8 36fd3330 36fcbf50 36fcbf50
0x2ec33dc0:   b725313c b7253100 b702b38b 2ec33e10
0x2ec33dd0:   2ec33e20 00000000 2ec33e58 b70863ff 

Instructions: (pc=0xb6bf7476)
0xb6bf7466:   5d 08 8b 4b 10 3b 4b 04 74 17 8b 53 1c 8b 45 0c
0xb6bf7476:   89 04 8a 8b 43 10 40 89 43 10 8b 5d fc 89 ec 5d 

Stack: [0x2ebb4000,0x2ec35000],  sp=0x2ec33d60,  free space=511k
Native frames: (J=compiled Java code, j=interpreted, Vv=VM code, C=native code)
V  [libjvm.so+0x156476]
V  [libjvm.so+0x396f12]
V  [libjvm.so+0x5456bd]
V  [libjvm.so+0x5e5407]
V  [libjvm.so+0x5e4517]
V  [libjvm.so+0x5eee6e]
V  [libjvm.so+0x5b7869]
V  [libjvm.so+0x6e24ac]
V  [libjvm.so+0x6f0b76]
V  [libjvm.so+0x6f0023]
V  [libjvm.so+0x6f0290]
V  [libjvm.so+0x6efd80]
V  [libjvm.so+0x5a610e]
C  [libpthread.so.0+0x5b25]

VM_Operation (0x2dbfe9f0): ParallelGCFailedAllocation, mode: safepoint, requested by thread 0x09ca0400


---------------  P R O C E S S  ---------------

Java Threads: ( => current thread )
  0x09ca0c00 