#
# A fatal error has been detected by the Java Runtime Environment:
#
#  SIGSEGV (0xb) at pc=0xb6fb56a6, pid=11568, tid=786983792
#
# JRE version: 6.0_22-b04
# Java VM: Java HotSpot(TM) Server VM (17.1-b03 mixed mode linux-x86 )
# Problematic frame:
# V  [libjvm.so+0x5dd6a6]
#
# If you would like to submit a bug report, please visit:
#   http://java.sun.com/webapps/bugreport/crash.jsp
#

---------------  T H R E A D  ---------------

Current thread (0x080d6400):  VMThread [stack: 0x2ee06000,0x2ee87000] [id=11576]

siginfo:si_signo=SIGSEGV: si_errno=0, si_code=1 (SEGV_MAPERR), si_addr=0x00000008

Registers:
EAX=0x00000002, EBX=0xb7152768, ECX=0x00000007, EDX=0x0000000a
ESP=0x2ee860d0, EBP=0x2ee86158, ESI=0x00000000, EDI=0xb715c5e0
EIP=0xb6fb56a6, CR2=0x00000008, EFLAGS=0x00010282

Top of Stack: (sp=0x2ee860d0)
0x2ee860d0:   000003e8 080d6400 2ee86148 b6f30fa5
0x2ee860e0:   08059980 080d6400 000003e8 00000000
0x2ee860f0:   080599e8 00000001 2ee86128 b708fa42
0x2ee86100:   080d7228 00000000 00000000 00000002
0x2ee86110:   080d6400 08059980 00000007 00000010
0x2ee86120:   080598b0 b7150a48 2ee86148 b6b38b73
0x2ee86130:   2dd6be70 00000000 08059980 08059980
0x2ee86140:   b7150c08 b7150a54 2ee861e8 b7152768 

Instructions: (pc=0xb6fb56a6)
0xb6fb5696:   8b 38 85 ff 74 1f 8d 74 26 00 8b b7 54 01 00 00
0xb6fb56a6:   8b 46 08 85 c0 0f 84 bf 03 00 00 8b bf 00 01 00 

Stack: [0x2ee06000,0x2ee87000],  sp=0x2ee860d0,  free space=2002ee85a50k
Native frames: (J=compiled Java code, j=interpreted, Vv=VM code, C=native code)
V  [libjvm.so+0x5dd6a6]
V  [libjvm.so+0x6b83e2]
V  [libjvm.so+0x6b7ee0]
V  [libjvm.so+0x57a8fe]
C  [libpthread.so.0+0x5b25]

VM_Operation (0x2dd6be70): Exit, mode: safepoint, requested by thread 0x08577400


---------------  P R O C E S S  ---------------

Java Threads: ( => current thread )
  0x2e7e5000 JavaThread "TimerQueue" daemon [_thread_blocked, id=11611, stack(0x2dbaf000,0x2dc00000)]
  0x2e7e4800 JavaThread "SwingWorker-pool-2-thread-1" [_thread_blocked, id=11610, stack(0x2db5e000,0x2dbaf000)]
  0x08577400 JavaThread "SIGTERM handler" daemon [_thread_blocked, id=11604, stack(0x2dd1c000,0x2dd6d000)]
  0x2daa8400 JavaThread "Timer-0" [_thread_blocked, id=11603, stack(0x2e04d000,0x2e09e000)]
  0x2e7ae400 JavaThread "DestroyJavaVM" [_thread_blocked, id=11572, stack(0xb695d000,0xb69ae000)]
  0x2e7ad400 JavaThread "AWT-EventQueue-0" [_thread_in_native, id=11598, stack(0x2e140000,0x2e191000)]
  0x2e7ac400 JavaThread "AWT-Shutdown" [_thread_blocked, id=11597, stack(0x2e191000,0x2e1e2000)]
  0x2e7a9000 JavaThread "AWT-XAWT" daemon [_thread_in_native, id=11596, stack(0x2e1e2000,0x2e233000)]
  0x2e73e400 JavaThread "Java2D Disposer" daemon [_thread_blocked, id=11595, stack(0x2e9cf000,0x2ea20000)]
  0x08418400 
[error occurred during error reporting (printing all threads), id 0xb]

VM state:synchronizing (normal execution)

VM Mutex/Monitor currently owned by a thread:  ([mutex/lock_event])
[0x080598b0] Safepoint_lock - owner thread: 0x080d6400
[0x08059918] Threads_lock - owner thread: 0x080d6400

Heap
 PSYoungGen      total 152896K, used 46418K [0x88da0000, 0x93840000, 0xb3840000)
  eden space 131072K, 35% used [0x88da0000,0x8baf4808,0x90da0000)
  from space 21824K, 0% used [0x90da0000,0x90da0000,0x922f0000)
  to   space 21824K, 0% used [0x922f0000,0x922f0000,0x93840000)
 PSOldGen        total 349568K, used 5317K [0x33840000, 0x48da0000, 0x88da0000)
  object space 349568K, 1% used [0x33840000,0x33d717f8,0x48da0000)
 PSPermGen       total 48384K, used 21780K [0x2f840000, 0x32780000, 0x33840000)
  object space 48384K, 45% used [0x2f840000,0x30d852d8,0x32780000)

Dynamic libraries:
08048000-08052000 r-xp 00000000 08:02 666591     /usr/lib/jvm/java-1.6.0-sun-1.6.0/bin/java
08052000-08053000 rwxp 00009000 08:02 666591     /usr/lib/jvm/java-1.6.0-sun-1.6.0/bin/java
08053000-0902d000 rwxp 00000000 00:00 0          [heap]
20252000-20260000 r-xs 00000000 08:02 2359377    /usr/share/texmf/fonts/type1/public/grverb/grkcurp.pfb
20260000-2027b000 r-xs 00000000 08:02 2359298    /usr/share/texmf/fonts/type1/public/epiolmec/Epi-Olmec.pfb
2027b000-20288000 r-xs 00000000 08:02 2360236    /usr/share/texmf/fonts/type1/urw/zapfchan/uzcmi8a.pfb
20288000-20294000 r-xs 00000000 08:02 2360275    /usr/share/texmf/fonts/type1/vntex/grotesqvn/ugqb8v.pfb
20294000-20296000 r-xs 00000000 08:02 2359842    /usr/share/texmf/fonts/type1/public/tabvar/tabvar.pfb
20296000-202a4000 r-xs 00000000 08:02 2253336    /usr/share/texmf/fonts/type1/public/burmese/burm.pfb
202a4000-202b0000 r-xs 00000000 08:02 2360233    /usr/share/texmf/fonts/type1/urw/times/utmri8a.pfb
202b0000-202bb000 r-xs 00000000 08:02 2360227    /usr/share/texmf/fonts/type1/urw/times/utmb8a.pfb
202bb000-202c6000 r-xs 00000000 08:02 2360229    /usr/share/texmf/fonts/type1/urw/times/utmbi8a.pfb
202c6000-202d2000 r-xs 00000000 08:02 2360231    /usr/share/texmf/fonts/type1/urw/times/utmr8a.pfb
202d2000-202dd000 r-xs 00000000 08:02 2360279    /usr/share/texmf/fonts/type1/vntex/txttvn/txtt8v.pfb
202dd000-202e8000 r-xs 00000000 08:02 2360277    /usr/share/texmf/fonts/type1/vntex/txttvn/txbtt8v.pfb
202e8000-202f3000 r-xs 00000000 08:02 2360280    /usr/share/texmf/fonts/type1/vntex/txttvn/txttsc8v.pfb
202f3000-202fe000 r-xs 00000000 08:02 2360278    /usr/share/texmf/fonts/type1/vntex/txttvn/txbttsc8v.pfb
202fe000-20305000 r-xs 00000000 08:02 2253012    /usr/share/texmf/fonts/type1/hoekwater/manfnt/manfnt.pfb
20305000-20315000 r-xs 00000000 08:02 2360369    /usr/share/texmf/fonts/type1/vntex/vntopia/putb8v.pfb
20315000-20325000 r-xs 00000000 08:02 2360372    /usr/share/texmf/fonts/type1/vntex/vntopia/putri8v.pfb
20325000-20334000 r-xs 00000000 08:02 2360371    /usr/share/texmf/fonts/type1/vntex/vntopia/putr8v.pfb
20334000-20344000 r-xs 00000000 08:02 2360370    /usr/share/texmf/fonts/type1/vntex/vntopia/putbi8v.pfb
20344000-2034d000 r-xs 00000000 08:02 2359300    /usr/share/texmf/fonts/type1/public/esint-type1/esint10.pfb
2034d000-2034f000 r-xs 00000000 08:02 2256376    /usr/share/texmf/fonts/type1/hoekwater/context/contnav.pfb
2034f000-2035b000 r-xs 00000000 08:02 2360239    /usr/share/texmf/fonts/type1/urw/zapfding/uzdr.pfb
2035b000-2036e000 r-xs 00000000 08:02 2359373    /usr/share/texmf/fonts/type1/public/gfsbaskerville/GFSBaskerville-Regular.pfb
2036e000-2036f000 r-xs 00000000 08:02 2254300    /usr/share/texmf/fonts/type1/public/chemarrow/arrow.pfb
2036f000-20376000 r-xs 00000000 08:02 2253033    /usr/share/texmf/fonts/type1/hoekwater/stmaryrd/stmary9.pfb
20376000-2037d000 r-xs 00000000 08:02 2253023    /usr/share/texmf/fonts/type1/hoekwater/stmaryrd/stmary10.pfb
2037d000-20384000 r-xs 00000000 08:02 2253031    /usr/share/texmf/fonts/type1/hoekwater/stmaryrd/stmary8.pfb
20384000-2038b000 r-xs 00000000 08:02 2253025    /usr/share/texmf/fonts/type1/hoekwater/stmaryrd/stmary5.pfb
2038b000-20392000 r-xs 00000000 08:02 2253027    /usr/share/texmf/fonts/type1/hoekwater/stmaryrd/stmary6.pfb
20392000-20399000 r-xs 00000000 08:02 2253029    /usr/share/texmf/fonts/type1/hoekwater/stmaryrd/stmary7.pfb
20399000-203a5000 r-xs 00000000 08:02 2360208    /usr/share/texmf/fonts/type1/urw/ncntrsbk/uncbi8a.pfb
203a5000-203b1000 r-xs 00000000 08:02 2360210    /usr/share/texmf/fonts/type1/urw/ncntrsbk/uncr8a.pfb
203b1000-203bd000 r-xs 00000000 08:02 2360206    /usr/share/texmf/fonts/type1/urw/ncntrsbk/uncb8a.pfb
203bd000-203c9000 r-xs 00000000 08:02 2360212    /usr/share/texmf/fonts/type1/urw/ncntrsbk/uncri8a.pfb
203c9000-203d7000 r-xs 00000000 08:02 2360245    /usr/share/texmf/fonts/type1/vntex/arevvn/ArevSans-Oblique-T5.pfb
203d7000-203e5000 r-xs 00000000 08:02 2360243    /usr/share/texmf/fonts/type1/vntex/arevvn/ArevSans-Bold-T5.pfb
203e5000-203f2000 r-xs 00000000 08:02 2360246    /usr/share/texmf/fonts/type1/vntex/arevvn/ArevSans-Roman-T5.pfb
203f2000-203ff000 r-xs 00000000 08:02 2360244    /usr/share/texmf/fonts/type1/vntex/arevvn/ArevSans-BoldOblique-T5.pfb
203ff000-20407000 r-xs 00000000 08:02 2253037    /usr/share/texmf/fonts/type1/jmn/hans/hans-sh.pfb
20407000-2040c000 r-xs 00000000 08:02 2253039    /usr/share/texmf/fonts/type1/jmn/hans/hans.pfb
2040c000-2041c000 r-xs 00000000 08:02 2359588    /usr/share/texmf/fonts/type1/public/marvosym/marvosym.pfb
2041c000-20425000 r-xs 00000000 08:02 2253006    /usr/share/texmf/fonts/type1/bitstrea/charter/bchr8a.pfb
20425000-2042e000 r-xs 00000000 08:02 2253004    /usr/share/texmf/fonts/type1/bitstrea/charter/bchb8a.pfb
2042e000-20437000 r-xs 00000000 08:02 2253007    /usr/share/texmf/fonts/type1/bitstrea/charter/bchri8a.pfb
20437000-20440000 r-xs 00000000 08:02 2253005    /usr/share/texmf/fonts/type1/bitstrea/charter/bchbi8a.pfb
20440000-20449000 r-xs 00000000 08:02 2360272    /usr/share/texmf/fonts/type1/vntex/concretevn/CMConcreteSlanted8v.pfb
20449000-20454000 r-xs 00000000 08:02 2360271    /usr/share/texmf/fonts/type1/vntex/concretevn/CMConcreteItalic8v.pfb
20454000-2045d000 r-xs 00000000 08:02 2360270    /usr/share/texmf/fonts/type1/vntex/concretevn/CMConcrete8v.pfb
2045d000-20466000 r-xs 00000000 08:02 2360273    /usr/share/texmf/fonts/type1/vntex/concretevn/CMConcreteSmallCaps8v.pfb
20466000-2046f000 r-xs 00000000 08:02 2360224    /usr/share/texmf/fonts/type1/urw/symbol/usyr.pfb
2046f000-2047f000 r-xs 00000000 08:02 2359819    /usr/share/texmf/fonts/type1/public/sanskrit/skt9.pfb
2047f000-2048f000 r-xs 00000000 08:02 2359820    /usr/share/texmf/fonts/type1/public/sanskrit/sktb10.pfb
2048f000-2049e000 r-xs 00000000 08:02 2359822    /usr/share/texmf/fonts/type1/public/sanskrit/sktf10.pfb
2049e000-204ae000 r-xs 00000000 08:02 2359824    /usr/share/texmf/fonts/type1/public/sanskrit/skts10.pfb
204ae000-204bd000 r-xs 00000000 08:02 2359817    /usr/share/texmf/fonts/type1/public/sanskrit/skt10.pfb
204bd000-204cd000 r-xs 00000000 08:02 2359821    /usr/share/texmf/fonts/type1/public/sanskrit/sktbs10.pfb
204cd000-204dd000 r-xs 00000000 08:02 2359823    /usr/share/texmf/fonts/type1/public/sanskrit/sktfs10.pfb
204dd000-204ed000 r-xs 00000000 08:02 2359818    /usr/share/texmf/fonts/type1/public/sanskrit/skt8.pfb
204ed000-20505000 r-xs 00000000 08:02 2359375    /usr/share/texmf/fonts/type1/public/gfsporson/GFSPorson-Regular.pfb
20505000-20509000 r-xs 00000000 08:02 2359594    /usr/share/texmf/fonts/type1/public/mathpazo/fplmri.pfb
20509000-2050b000 r-xs 00000000 08:02 2359590    /usr/share/texmf/fonts/type1/public/mathpazo/fplmb.pfb
2050b000-2050f000 r-xs 00000000 08:02 2359592    /usr/share/texmf/fonts/type1/public/mathpazo/fplmbi.pfb
2050f000-20513000 r-xs 00000000 08:02 2359591    /usr/share/texmf/fonts/type1/public/mathpazo/fplmbb.pfb
20513000-20516000 r-xs 00000000 08:02 2359593    /usr/share/texmf/fonts/type1/public/mathpazo/fplmr.pfb
20516000-20521000 r-xs 00000000 08:02 2360171    /usr/share/texmf/fonts/type1/urw/bookman/ubkli8a.pfb
20521000-2052c000 r-xs 00000000 08:02 2360165    /usr/share/texmf/fonts/type1/urw/bookman/ubkd8a.pfb
2052c000-20537000 r-xs 00000000 08:02 2360167    /usr/share/texmf/fonts/type1/urw/bookman/ubkdi8a.pfb
20537000-20542000 r-xs 00000000 08:02 2360169    /usr/share/texmf/fonts/type1/urw/bookman/ubkl8a.pfb
20542000-20548000 r-xs 00000000 08:02 2253009    /usr/share/texmf/fonts/type1/groff/freeeuro.pfa
20548000-2055b000 r-xs 00000000 08:02 2359370    /usr/share/texmf/fonts/type1/public/fpl/fplrij8a.pfb
2055b000-2056f000 r-xs 00000000 08:02 2359364    /usr/share/texmf/fonts/type1/public/fpl/fplbij8a.pfb
2056f000-20583000 r-xs 00000000 08:02 2359366    /usr/share/texmf/fonts/type1/public/fpl/fplbj8a.pfb
20583000-20596000 r-xs 00000000 08:02 2359368    /usr/share/texmf/fonts/type1/public/fpl/fplrc8a.pfb
20596000-205a6000 r-xs 00000000 08:02 2252992    /usr/share/texmf/fonts/type1/adobe/courier/pcrbo8a.pfb
205a6000-205b6000 r-xs 00000000 08:02 2252991    /usr/share/texmf/fonts/type1/adobe/courier/pcrbi8a.pfb
205b6000-205c5000 r-xs 00000000 08:02 2252995    /usr/share/texmf/fonts/type1/adobe/courier/pcrro8a.pfb
205c5000-205d5000 r-xs 00000000 08:02 2252994    /usr/share/texmf/fonts/type1/adobe/courier/pcrr8a.pfb
205d5000-205e4000 r-xs 00000000 08:02 2252993    /usr/share/texmf/fonts/type1/adobe/courier/pcri8a.pfb
205e4000-205f4000 r-xs 00000000 08:02 2252990    /usr/share/texmf/fonts/type1/adobe/courier/pcrb8a.pfb
205f4000-20602000 r-xs 00000000 08:02 2359390    /usr/share/texmf/fonts/type1/public/kerkis/Kerkis-Calligraphic.pfb
20602000-20626000 r-xs 00000000 08:02 2359391    /usr/share/texmf/fonts/type1/public/kerkis/Kerkis-Italic.pfb
20626000-2063e000 r-xs 00000000 08:02 2359400    /usr/share/texmf/fonts/type1/public/kerkis/KerkisSans.pfb
2063e000-20664000 r-xs 00000000 08:02 2359387    /usr/share/texmf/fonts/type1/public/kerkis/Kerkis-Bold.pfb
20664000-20671000 r-xs 00000000 08:02 2359389    /usr/share/texmf/fonts/type1/public/kerkis/Kerkis-BoldSmallCaps.pfb
20671000-2068e000 r-xs 00000000 08:02 2359398    /usr/share/texmf/fonts/type1/public/kerkis/KerkisSans-Italic.pfb
2068e000-20697000 r-xs 00000000 08:02 2359401    /usr/share/texmf/fonts/type1/public/kerkis/ktsy.pfb
20697000-206be000 r-xs 00000000 08:02 2359392    /usr/share/texmf/fonts/type1/public/kerkis/Kerkis-SemiBold-Italic.pfb
206be000-206e3000 r-xs 00000000 08:02 2359388    /usr/share/texmf/fonts/type1/public/kerkis/Kerkis-BoldItalic.pfb
206e3000-206ec000 r-xs 00000000 08:02 2359399    /usr/share/texmf/fonts/type1/public/kerkis/KerkisSans-SmallCaps.pfb
206ec000-20706000 r-xs 00000000 08:02 2359396    /usr/share/texmf/fonts/type1/public/kerkis/KerkisSans-Bold.pfb
20706000-2071c000 r-xs 00000000 08:02 2359394    /usr/share/texmf/fonts/type1/public/kerkis/Kerkis-SmallCaps.pfb
2071c000-20743000 r-xs 00000000 08:02 2359393    /usr/share/texmf/fonts/type1/public/kerkis/Kerkis-SemiBold.pfb
20743000-2076a000 r-xs 00000000 08:02 2359395    /usr/share/texmf/fonts/type1/public/kerkis/Kerkis.pfb
2076a000-20787000 r-xs 00000000 08:02 2359397    /usr/share/texmf/fonts/type1/public/kerkis/KerkisSans-BoldItalic.pfb
20787000-20792000 r-xs 00000000 08:02 2254289    /usr/share/texmf/fonts/type1/public/cc-pl/pcr5.pfb
20792000-2079d000 r-xs 00000000 08:02 2254293    /usr/share/texmf/fonts/type1/public/cc-pl/pcr9.pfb
2079d000-207a8000 r-xs 00000000 08:02 2254287    /usr/share/texmf/fonts/type1/public/cc-pl/pcmi10.pfb
207a8000-207b4000 r-xs 00000000 08:02 2254295    /usr/share/texmf/fonts/type1/public/cc-pl/pcslc9.pfb
207b4000-207be000 r-xs 00000000 08:02 2254286    /usr/share/texmf/fonts/type1/public/cc-pl/pccsc10.pfb
207be000-207c9000 r-xs 00000000 08:02 2254290    /usr/share/texmf/fonts/type1/public/cc-pl/pcr6.pfb
207c9000-207d5000 r-xs 00000000 08:02 2254294    /usr/share/texmf/fonts/type1/public/cc-pl/pcsl10.pfb
207d5000-207e4000 r-xs 00000000 08:02 2254296    /usr/share/texmf/fonts/type1/public/cc-pl/pcti10.pfb
207e4000-207ef000 r-xs 00000000 08:02 2254291    /usr/share/texmf/fonts/type1/public/cc-pl/pcr7.pfb
207ef000-207fa000 r-xs 00000000 08:02 2254292    /usr/share/texmf/fonts/type1/public/cc-pl/pcr8.pfb
207fa000-20805000 r-xs 00000000 08:02 2254288    /usr/share/texmf/fonts/type1/public/cc-pl/pcr10.pfb
20805000-20808000 r-xs 00000000 08:02 2360265    /usr/share/texmf/fonts/type1/vntex/comicsansvn/ComicSansMS8b.pfb
20808000-2080b000 r-xs 00000000 08:02 2360267    /usr/share/texmf/fonts/type1/vntex/comicsansvn/ComicSansMSBoldItalic8b.pfb
2080b000-2080e000 r-xs 00000000 08:02 2360266    /usr/share/texmf/fonts/type1/vntex/comicsansvn/ComicSansMSBold8b.pfb
2080e000-20811000 r-xs 00000000 08:02 2360268    /usr/share/texmf/fonts/type1/vntex/comicsansvn/ComicSansMSItalic8b.pfb
20811000-20817000 r-xs 00000000 08:02 2253234    /usr/share/texmf/fonts/type1/public/amsfonts/cyrillic/wncyss10.pfb
20817000-20821000 r-xs 00000000 08:02 2253226    /usr/share/texmf/fonts/type1/public/amsfonts/cyrillic/wncyb10.pfb
20821000-2082b000 r-xs 00000000 08:02 2253232    /usr/share/texmf/fonts/type1/public/amsfonts/cyrillic/wncysc10.pfb
2082b000-20836000 r-xs 00000000 08:02 2253228    /usr/share/texmf/fonts/type1/public/amsfonts/cyrillic/wncyi10.pfb
20836000-20840000 r-xs 00000000 08:02 2253230    /usr/share/texmf/fonts/type1/public/amsfonts/cyrillic/wncyr10.pfb
20840000-2084a000 r-xs 00000000 08:02 2253338    /usr/share/texmf/fonts/type1/public/cbcoptic/copti.pfb
2084a000-20854000 r-xs 00000000 08:02 2253339    /usr/share/texmf/fonts/type1/public/cbcoptic/copto.pfb
20854000-20858000 r-xs 00000000 08:02 2359814    /usr/share/texmf/fonts/type1/public/rsfs/rsfs7.pfb
20858000-2085c000 r-xs 00000000 08:02 2359810    /usr/share/texmf/fonts/type1/public/rsfs/rsfs10.pfb
2085c000-20861000 r-xs 00000000 08:02 2359812    /usr/share/texmf/fonts/type1/public/rsfs/rsfs5.pfb
20861000-20866000 r-xs 00000000 08:02 2360148    /usr/share/texmf/fonts/type1/public/xypic/xycmat10.pfb
20866000-2086b000 r-xs 00000000 08:02 2360152    /usr/share/texmf/fonts/type1/public/xypic/xyeubt10.pfb
2086b000-20870000 r-xs 00000000 08:02 2360151    /usr/share/texmf/fonts/type1/public/xypic/xyeuat10.pfb
20870000-20875000 r-xs 00000000 08:02 2360144    /usr/share/texmf/fonts/type1/public/xypic/xyatip10.pfb
20875000-2087a000 r-xs 00000000 08:02 2360149    /usr/share/texmf/fonts/type1/public/xypic/xycmbt10.pfb
2087a000-2087f000 r-xs 00000000 08:02 2360145    /usr/share/texmf/fonts/type1/public/xypic/xybsql10.pfb
2087f000-20884000 r-xs 00000000 08:02 2360150    /usr/share/texmf/fonts/type1/public/xypic/xydash10.pfb
20884000-20889000 r-xs 00000000 08:02 2360147    /usr/share/texmf/fonts/type1/public/xypic/xycirc10.pfb
20889000-2088e000 r-xs 00000000 08:02 2360146    /usr/share/texmf/fonts/type1/public/xypic/xybtip10.pfb
2088e000-20897000 r-xs 00000000 08:02 2360131    /usr/share/texmf/fonts/type1/public/wasy/wasy5.pfb
20897000-208a0000 r-xs 00000000 08:02 2360141    /usr/share/texmf/fonts/type1/public/wasy/wasyb10.pfb
208a0000-208a9000 r-xs 00000000 08:02 2360133    /usr/share/texmf/fonts/type1/public/wasy/wasy6.pfb
208a9000-208b2000 r-xs 00000000 08:02 2360135    /usr/share/texmf/fonts/type1/public/wasy/wasy7.pfb
208b2000-208bb000 r-xs 00000000 08:02 2360139    /usr/share/texmf/fonts/type1/public/wasy/wasy9.pfb
208bb000-208c3000 r-xs 00000000 08:02 2360129    /usr/share/texmf/fonts/type1/public/wasy/wasy10.pfb
208c3000-208cb000 r-xs 00000000 08:02 2360137    /usr/share/texmf/fonts/type1/public/wasy/wasy8.pfb
208cb000-208d8000 r-xs 00000000 08:02 2360174    /usr/share/texmf/fonts/type1/urw/courier/ucrb8a.pfb
208d8000-208e3000 r-xs 00000000 08:02 2360180    /usr/share/texmf/fonts/type1/urw/courier/ucrro8a.pfb
208e3000-208f0000 r-xs 00000000 08:02 2360176    /usr/share/texmf/fonts/type1/urw/courier/ucrbo8a.pfb
208f0000-208fc000 r-xs 00000000 08:02 2360178    /usr/share/texmf/fonts/type1/urw/courier/ucrr8a.pfb
208fc000-208fe000 r-xs 00000000 08:02 2359361    /usr/share/texmf/fonts/type1/public/figbas/cmssj.pfb
208fe000-20901000 r-xs 00000000 08:02 2359360    /usr/share/texmf/fonts/type1/public/figbas/cmrj.pfb
20901000-20904000 r-xs 00000000 08:02 2359362    /usr/share/texmf/fonts/type1/public/figbas/plrj.pfb
20904000-2090b000 r-xs 00000000 08:02 2360204    /usr/share/texmf/fonts/type1/urw/helvetic/uhvrrc8a.pfb
2090b000-20917000 r-xs 00000000 08:02 2360199    /usr/share/texmf/fonts/type1/urw/helvetic/uhvro8a.pfb
20917000-20921000 r-xs 00000000 08:02 2360189    /usr/share/texmf/fonts/type1/urw/helvetic/uhvbo8ac.pfb
20921000-20928000 r-xs 00000000 08:02 2360192    /usr/share/texmf/fonts/type1/urw/helvetic/uhvbrc8a.pfb
20928000-20932000 r-xs 00000000 08:02 2360185    /usr/share/texmf/fonts/type1/urw/helvetic/uhvb8ac.pfb
20932000-2093c000 r-xs 00000000 08:02 2360198    /usr/share/texmf/fonts/type1/urw/helvetic/uhvro8a-105.pfb
2093c000-20946000 r-xs 00000000 08:02 2360201    /usr/share/texmf/fonts/type1/urw/helvetic/uhvro8ac.pfb
20946000-2094f000 r-xs 00000000 08:02 2360196    /usr/share/texmf/fonts/type1/urw/helvetic/uhvr8ac.pfb
2094f000-20959000 r-xs 00000000 08:02 2360187    /usr/share/texmf/fonts/type1/urw/helvetic/uhvbo8a.pfb
20959000-20960000 r-xs 00000000 08:02 2360203    /usr/share/texmf/fonts/type1/urw/helvetic/uhvroc8a.pfb
20960000-20969000 r-xs 00000000 08:02 2360193    /usr/share/texmf/fonts/type1/urw/helvetic/uhvr8a-105.pfb
20969000-20974000 r-xs 00000000 08:02 2360194    /usr/share/texmf/fonts/type1/urw/helvetic/uhvr8a.pfb
20974000-2097d000 r-xs 00000000 08:02 2360183    /usr/share/texmf/fonts/type1/urw/helvetic/uhvb8a.pfb
2097d000-20985000 r-xs 00000000 08:02 2360191    /usr/share/texmf/fonts/type1/urw/helvetic/uhvboc8a.pfb
20985000-209a6000 r-xs 00000000 08:02 2359858    /usr/share/texmf/fonts/type1/public/tex-gyre/qbkri.pfb
209a6000-209c6000 r-xs 00000000 08:02 2359860    /usr/share/texmf/fonts/type1/public/tex-gyre/qcrb.pfb
209c6000-209e6000 r-xs 00000000 08:02 2359862    /usr/share/texmf/fonts/type1/public/tex-gyre/qcrbi.pfb
209e6000-20a00000 r-xs 00000000 08:02 2359908    /usr/share/texmf/fonts/type1/public/tex-gyre/qzcmi.pfb
20a00000-20a20000 r-xs 00000000 08:02 2359902    /usr/share/texmf/fonts/type1/public/tex-gyre/qtmbi.pfb
20a20000-20a42000 r-xs 00000000 08:02 2359896    /usr/share/texmf/fonts/type1/public/tex-gyre/qplr.pfb
20a42000-20a64000 r-xs 00000000 08:02 2359898    /usr/share/texmf/fonts/type1/public/tex-gyre/qplri.pfb
20a64000-20a7d000 r-xs 00000000 08:02 2359850    /usr/share/texmf/fonts/type1/public/tex-gyre/qagri.pfb
20a7d000-20a98000 r-xs 00000000 08:02 2359888    /usr/share/texmf/fonts/type1/public/tex-gyre/qhvr.pfb
20a98000-20ab3000 r-xs 00000000 08:02 2359882    /usr/share/texmf/fonts/type1/public/tex-gyre/qhvcbi.pfb
20ab3000-20ad3000 r-xs 00000000 08:02 2359852    /usr/share/texmf/fonts/type1/public/tex-gyre/qbkb.pfb
20ad3000-20af4000 r-xs 00000000 08:02 2359900    /usr/share/texmf/fonts/type1/public/tex-gyre/qtmb.pfb
20af4000-20b0e000 r-xs 00000000 08:02 2359878    /usr/share/texmf/fonts/type1/public/tex-gyre/qhvbi.pfb
20b0e000-20b28000 r-xs 00000000 08:02 2359886    /usr/share/texmf/fonts/type1/public/tex-gyre/qhvcri.pfb
20b28000-20b42000 r-xs 00000000 08:02 2359846    /usr/share/texmf/fonts/type1/public/tex-gyre/qagbi.pfb
20b42000-20b61000 r-xs 00000000 08:02 2359866    /usr/share/texmf/fonts/type1/public/tex-gyre/qcrri.pfb
20b61000-20b7c000 r-xs 00000000 08:02 2359890    /usr/share/texmf/fonts/type1/public/tex-gyre/qhvri.pfb
20b7c000-20b97000 r-xs 00000000 08:02 2359848    /usr/share/texmf/fonts/type1/public/tex-gyre/qagr.pfb
20b97000-20bb9000 r-xs 00000000 08:02 2359892    /usr/share/texmf/fonts/type1/public/tex-gyre/qplb.pfb
20bb9000-20bda000 r-xs 00000000 08:02 2359870    /usr/share/texmf/fonts/type1/public/tex-gyre/qcsbi.pfb
20bda000-20bf6000 r-xs 00000000 08:02 2359876    /usr/share/texmf/fonts/type1/public/tex-gyre/qhvb.pfb
20bf6000-20c16000 r-xs 00000000 08:02 2359872    /usr/share/texmf/fonts/type1/public/tex-gyre/qcsr.pfb
20c16000-20c36000 r-xs 00000000 08:02 2359854    /usr/share/texmf/fonts/type1/public/tex-gyre/qbkbi.pfb
20c36000-20c56000 r-xs 00000000 08:02 2359874    /usr/share/texmf/fonts/type1/public/tex-gyre/qcsri.pfb
20c56000-20c77000 r-xs 00000000 08:02 2359904    /usr/share/texmf/fonts/type1/public/tex-gyre/qtmr.pfb
20c77000-20c97000 r-xs 00000000 08:02 2359906    /usr/share/texmf/fonts/type1/public/tex-gyre/qtmri.pfb
20c97000-20cb7000 r-xs 00000000 08:02 2359868    /usr/share/texmf/fonts/type1/public/tex-gyre/qcsb.pfb
20cb7000-20cda000 r-xs 00000000 08:02 2359894    /usr/share/texmf/fonts/type1/public/tex-gyre/qplbi.pfb
20cda000-20cf9000 r-xs 00000000 08:02 2359864    /usr/share/texmf/fonts/type1/public/tex-gyre/qcrr.pfb
20cf9000-20d15000 r-xs 00000000 08:02 2359844    /usr/share/texmf/fonts/type1/public/tex-gyre/qagb.pfb
20d15000-20d30000 r-xs 00000000 08:02 2359884    /usr/share/texmf/fonts/type1/public/tex-gyre/qhvcr.pfb
20d30000-20d50000 r-xs 00000000 08:02 2359856    /usr/share/texmf/fonts/type1/public/tex-gyre/qbkr.pfb
20d50000-20d6c000 r-xs 00000000 08:02 2359880    /usr/share/texmf/fonts/type1/public/tex-gyre/qhvcb.pfb
20d6c000-20d76000 r-xs 00000000 08:02 2253000    /usr/share/texmf/fonts/type1/adobe/utopia/putri8a.pfb
20d76000-20d7f000 r-xs 00000000 08:02 2252999    /usr/share/texmf/fonts/type1/adobe/utopia/putr8a.pfb
20d7f000-20d89000 r-xs 00000000 08:02 2252998    /usr/share/texmf/fonts/type1/adobe/utopia/putbi8a.pfb
20d89000-20d92000 r-xs 00000000 08:02 2252997    /usr/share/texmf/fonts/type1/adobe/utopia/putb8a.pfb
20d92000-20d98000 r-xs 00000000 08:02 2359827    /usr/share/texmf/fonts/type1/public/skaknew/AlphaDia.pfb
20d98000-20d9c000 r-xs 00000000 08:02 2359839    /usr/share/texmf/fonts/type1/public/skaknew/SkakNew-FigurineBold.pfb
20d9c000-20da0000 r-xs 00000000 08:02 2359836    /usr/share/texmf/fonts/type1/public/skaknew/SkakNew-Figurine.pfb
20da0000-20da9000 r-xs 00000000 08:02 2359833    /usr/share/texmf/fonts/type1/public/skaknew/SkakNew-DiagramT.pfb
20da9000-20db3000 r-xs 00000000 08:02 2359830    /usr/share/texmf/fonts/type1/public/skaknew/SkakNew-Diagram.pfb
20db3000-20db7000 r-xs 00000000 08:02 2359358    /usr/share/texmf/fonts/type1/public/eurosym/geymr10.pfb
20db7000-20dbb000 r-xs 00000000 08:02 2359351    /usr/share/texmf/fonts/type1/public/eurosym/feymo10.pfb
20dbb000-20dc0000 r-xs 00000000 08:02 2359356    /usr/share/texmf/fonts/type1/public/eurosym/geyml10.pfb
20dc0000-20dc4000 r-xs 00000000 08:02 2359357    /usr/share/texmf/fonts/type1/public/eurosym/geymo10.pfb
20dc4000-20dc8000 r-xs 00000000 08:02 2359354    /usr/share/texmf/fonts/type1/public/eurosym/geybo10.pfb
20dc8000-20dcc000 r-xs 00000000 08:02 2359348    /usr/share/texmf/fonts/type1/public/eurosym/feybo10.pfb
20dcc000-20dd2000 r-xs 00000000 08:02 2359352    /usr/share/texmf/fonts/type1/public/eurosym/feymr10.pfb
20dd2000-20dd7000 r-xs 00000000 08:02 2359350    /usr/share/texmf/fonts/type1/public/eurosym/feyml10.pfb
20dd7000-20ddd000 r-xs 00000000 08:02 2359347    /usr/share/texmf/fonts/type1/public/eurosym/feybl10.pfb
20ddd000-20de2000 r-xs 00000000 08:02 2359353    /usr/share/texmf/fonts/type1/public/eurosym/geybl10.pfb
20de2000-20de6000 r-xs 00000000 08:02 2359349    /usr/share/texmf/fonts/type1/public/eurosym/feybr10.pfb
20de6000-20dea000 r-xs 00000000 08:02 2359355    /usr/share/texmf/fonts/type1/public/eurosym/geybr10.pfb
20dea000-20def000 r-xs 00000000 08:02 2359798    /usr/share/texmf/fonts/type1/public/pxfonts/rpcxbi.pfb
20def000-20df7000 r-xs 00000000 08:02 2359784    /usr/share/texmf/fonts/type1/public/pxfonts/pxbexa.pfb
20df7000-20dff000 r-xs 00000000 08:02 2359791    /usr/share/texmf/fonts/type1/public/pxfonts/pxexa.pfb
20dff000-20e01000 r-xs 00000000 08:02 2359802    /usr/share/texmf/fonts/type1/public/pxfonts/rpxbi.pfb
20e01000-20e08000 r-xs 00000000 08:02 2359796    /usr/share/texmf/fonts/type1/public/pxfonts/pxsyc.pfb
20e08000-20e0d000 r-xs 00000000 08:02 2359783    /usr/share/texmf/fonts/type1/public/pxfonts/pxbex.pfb
20e0d000-20e14000 r-xs 00000000 08:02 2359788    /usr/share/texmf/fonts/type1/public/pxfonts/pxbsyb.pfb
20e14000-20e19000 r-xs 00000000 08:02 2359794    /usr/share/texmf/fonts/type1/public/pxfonts/pxsya.pfb
20e19000-20e1d000 r-xs 00000000 08:02 2359797    /usr/share/texmf/fonts/type1/public/pxfonts/rpcxb.pfb
20e1d000-20e24000 r-xs 00000000 08:02 2359795    /usr/share/texmf/fonts/type1/public/pxfonts/pxsyb.pfb
20e24000-20e26000 r-xs 00000000 08:02 2359805    /usr/share/texmf/fonts/type1/public/pxfonts/rpxi.pfb
20e26000-20e2a000 r-xs 00000000 08:02 2359800    /usr/share/texmf/fonts/type1/public/pxfonts/rpcxr.pfb
20e2a000-20e30000 r-xs 00000000 08:02 2359786    /usr/share/texmf/fonts/type1/public/pxfonts/pxbsy.pfb
20e30000-20e36000 r-xs 00000000 08:02 2359792    /usr/share/texmf/fonts/type1/public/pxfonts/pxmia.pfb
20e36000-20e3c000 r-xs 00000000 08:02 2359785    /usr/share/texmf/fonts/type1/public/pxfonts/pxbmia.pfb
20e3c000-20e40000 r-xs 00000000 08:02 2359803    /usr/share/texmf/fonts/type1/public/pxfonts/rpxbmi.pfb
20e40000-20e45000 r-xs 00000000 08:02 2359787    /usr/share/texmf/fonts/type1/public/pxfonts/pxbsya.pfb
20e45000-20e4b000 r-xs 00000000 08:02 2359793    /usr/share/texmf/fonts/type1/public/pxfonts/pxsy.pfb
20e4b000-20e4d000 r-xs 00000000 08:02 2359801    /usr/share/texmf/fonts/type1/public/pxfonts/rpxb.pfb
20e4d000-20e51000 r-xs 00000000 08:02 2359808    /usr/share/texmf/fonts/type1/public/pxfonts/rpxsc.pfb
20e51000-20e56000 r-xs 00000000 08:02 2359790    /usr/share/texmf/fonts/type1/public/pxfonts/pxex.pfb
20e56000-20e5a000 r-xs 00000000 08:02 2359804    /usr/share/texmf/fonts/type1/public/pxfonts/rpxbsc.pfb
20e5a000-20e61000 r-xs 00000000 08:02 2359789    /usr/share/texmf/fonts/type1/public/pxfonts/pxbsyc.pfb
20e61000-20e65000 r-xs 00000000 08:02 2359806    /usr/share/texmf/fonts/type1/public/pxfonts/rpxmi.pfb
20e65000-20e6a000 r-xs 00000000 08:02 2359799    /usr/share/texmf/fonts/type1/public/pxfonts/rpcxi.pfb
20e6a000-20e6c000 r-xs 00000000 08:02 2359807    /usr/share/texmf/fonts/type1/public/pxfonts/rpxr.pfb
20e6c000-20e77000 r-xs 00000000 08:02 2360262    /usr/share/texmf/fonts/type1/vntex/cmbrightvn/vncmsltl10.pfb
20e77000-20e81000 r-xs 00000000 08:02 2360263    /usr/share/texmf/fonts/type1/vntex/cmbrightvn/vncmtl10.pfb
20e81000-20e89000 r-xs 00000000 08:02 2360260    /usr/share/texmf/fonts/type1/vntex/cmbrightvn/vncmbrsl8.pfb
20e89000-20e91000 r-xs 00000000 08:02 2360253    /usr/share/texmf/fonts/type1/vntex/cmbrightvn/vncmbr10.pfb
20e91000-20e99000 r-xs 00000000 08:02 2360254    /usr/share/texmf/fonts/type1/vntex/cmbrightvn/vncmbr17.pfb
20e99000-20ea1000 r-xs 00000000 08:02 2360256    /usr/share/texmf/fonts/type1/vntex/cmbrightvn/vncmbr9.pfb
20ea1000-20ea9000 r-xs 00000000 08:02 2360257    /usr/share/texmf/fonts/type1/vntex/cmbrightvn/vncmbrbx10.pfb
20ea9000-20eb1000 r-xs 00000000 08:02 2360261    /usr/share/texmf/fonts/type1/vntex/cmbrightvn/vncmbrsl9.pfb
20eb1000-20eb9000 r-xs 00000000 08:02 2360258    /usr/share/texmf/fonts/type1/vntex/cmbrightvn/vncmbrsl10.pfb
20eb9000-20ec1000 r-xs 00000000 08:02 2360255    /usr/share/texmf/fonts/type1/vntex/cmbrightvn/vncmbr8.pfb
20ec1000-20ec9000 r-xs 00000000 08:02 2360259    /usr/share/texmf/fonts/type1/vntex/cmbrightvn/vncmbrsl17.pfb
20ec9000-20ed1000 r-xs 00000000 08:02 2360154    /usr/share/texmf/fonts/type1/public/yhmath/yhcmex.pfb
20ed1000-20edb000 r-xs 00000000 08:02 2359385    /usr/share/texmf/fonts/type1/public/itrans/xdvng.pfb
20edb000-20eea000 r-xs 00000000 08:02 2359383    /usr/share/texmf/fonts/type1/public/itrans/ncpr____.pfb
20eea000-20ef9000 r-xs 00000000 08:02 2359382    /usr/share/texmf/fonts/type1/public/itrans/ncpi____.pfb
20ef9000-20efd000 r-xs 00000000 08:02 2359384    /usr/share/texmf/fonts/type1/public/itrans/pun.pfb
20efd000-20f06000 r-xs 00000000 08:02 2376690    /usr/share/texmf/fonts/type1/public/omega/omselab.pfb
20f06000-20f12000 r-xs 00000000 08:02 2376670    /usr/share/texmf/fonts/type1/public/omega/omsea2.pfb
20f12000-20f17000 r-xs 00000000 08:02 2376693    /usr/share/texmf/fonts/type1/public/omega/omseti.pfb
20f17000-20f1b000 r-xs 00000000 08:02 2376694    /usr/share/texmf/fonts/type1/public/omega/omssti.pfb
20f1b000-20f27000 r-xs 00000000 08:02 2376667    /usr/share/texmf/fonts/type1/public/omega/omding.pfb
20f27000-20f32000 r-xs 00000000 08:02 2376671    /usr/share/texmf/fonts/type1/public/omega/omsea2b.pfb
20f32000-20f38000 r-xs 00000000 08:02 2376672    /usr/share/texmf/fonts/type1/public/omega/omsea3.pfb
20f38000-20f3d000 r-xs 00000000 08:02 2376687    /usr/share/texmf/fonts/type1/public/omega/omsehe.pfb
20f3d000-20f46000 r-xs 00000000 08:02 2376680    /usr/share/texmf/fonts/type1/public/omega/omsecyb.pfb
20f46000-20f4d000 r-xs 00000000 08:02 2376684    /usr/share/texmf/fonts/type1/public/omega/omsegrbi.pfb
20f4d000-20f57000 r-xs 00000000 08:02 2376668    /usr/share/texmf/fonts/type1/public/omega/omsea1.pfb
20f57000-20f5e000 r-xs 00000000 08:02 2376677    /usr/share/texmf/fonts/type1/public/omega/omsecoi.pfb
20f5e000-20f69000 r-xs 00000000 08:02 2376692    /usr/share/texmf/fonts/type1/public/omega/omselai.pfb
20f69000-20f73000 r-xs 00000000 08:02 2376669    /usr/share/texmf/fonts/type1/public/omega/omsea1b.pfb
20f73000-20f7d000 r-xs 00000000 08:02 2376691    /usr/share/texmf/fonts/type1/public/omega/omselabi.pfb
20f7d000-20f84000 r-xs 00000000 08:02 2376683    /usr/share/texmf/fonts/type1/public/omega/omsegrb.pfb
20f84000-20f8b000 r-xs 00000000 08:02 2376674    /usr/share/texmf/fonts/type1/public/omega/omseco.pfb
20f8b000-20f92000 r-xs 00000000 08:02 2376682    /usr/share/texmf/fonts/type1/public/omega/omsegr.pfb
20f92000-20f96000 r-xs 00000000 08:02 2376686    /usr/share/texmf/fonts/type1/public/omega/omseha.pfb
20f96000-20f9b000 r-xs 00000000 08:02 2376678    /usr/share/texmf/fonts/type1/public/omega/omsecx.pfb
20f9b000-20fa1000 r-xs 00000000 08:02 2376673    /usr/share/texmf/fonts/type1/public/omega/omsea3b.pfb
20fa1000-20fa7000 r-xs 00000000 08:02 2376681    /usr/share/texmf/fonts/type1/public/omega/omsecyi.pfb
20fa7000-20fae000 r-xs 00000000 08:02 2376685    /usr/share/texmf/fonts/type1/public/omega/omsegri.pfb
20fae000-20fb8000 r-xs 00000000 08:02 2376688    /usr/share/texmf/fonts/type1/public/omega/omseip.pfb
20fb8000-20fbf000 r-xs 00000000 08:02 2376675    /usr/share/texmf/fonts/type1/public/omega/omsecob.pfb
20fbf000-20fc6000 r-xs 00000000 08:02 2376676    /usr/share/texmf/fonts/type1/public/omega/omsecobi.pfb
20fc6000-20fd0000 r-xs 00000000 08:02 2376689    /usr/share/texmf/fonts/type1/public/omega/omsela.pfb
20fd0000-20fd9000 r-xs 00000000 08:02 2376679    /usr/share/texmf/fonts/type1/public/omega/omsecy.pfb
20fd9000-20feb000 r-xs 00000000 08:02 2360110    /usr/share/texmf/fonts/type1/public/velthuis/dvnnbi10.pfb
20feb000-20ffe000 r-xs 00000000 08:02 2360093    /usr/share/texmf/fonts/type1/public/velthuis/dvng8.pfb
20ffe000-21012000 r-xs 00000000 08:02 2360122    /usr/share/texmf/fonts/type1/public/velthuis/dvpn10.pfb
21012000-21025000 r-xs 00000000 08:02 2360118    /usr/share/texmf/fonts/type1/public/velthuis/dvpb9.pfb
21025000-21037000 r-xs 00000000 08:02 2360076    /usr/share/texmf/fonts/type1/public/velthuis/dvnbbi9.pfb
21037000-21049000 r-xs 00000000 08:02 2360096    /usr/share/texmf/fonts/type1/public/velthuis/dvngb8.pfb
21049000-2105d000 r-xs 00000000 08:02 2360115    /usr/share/texmf/fonts/type1/public/velthuis/dvnni9.pfb
2105d000-2106e000 r-xs 00000000 08:02 2360087    /usr/share/texmf/fonts/type1/public/velthuis/dvncbi8.pfb
2106e000-2107f000 r-xs 00000000 08:02 2360083    /usr/share/texmf/fonts/type1/public/velthuis/dvncb10.pfb
2107f000-21090000 r-xs 00000000 08:02 2360071    /usr/share/texmf/fonts/type1/public/velthuis/dvnbb10.pfb
21090000-210a3000 r-xs 00000000 08:02 2360081    /usr/share/texmf/fonts/type1/public/velthuis/dvnc8.pfb
210a3000-210b6000 r-xs 00000000 08:02 2360080    /usr/share/texmf/fonts/type1/public/velthuis/dvnc10.pfb
210b6000-210c9000 r-xs 00000000 08:02 2360091    /usr/share/texmf/fonts/type1/public/velthuis/dvnci9.pfb
210c9000-210dd000 r-xs 00000000 08:02 2360125    /usr/share/texmf/fonts/type1/public/velthuis/dvpnn10.pfb
210dd000-210f0000 r-xs 00000000 08:02 2360119    /usr/share/texmf/fonts/type1/public/velthuis/dvpc10.pfb
210f0000-21101000 r-xs 00000000 08:02 2360107    /usr/share/texmf/fonts/type1/public/velthuis/dvnnb10.pfb
21101000-21114000 r-xs 00000000 08:02 2360116    /usr/share/texmf/fonts/type1/public/velthuis/dvpb10.pfb
21114000-21127000 r-xs 00000000 08:02 2360105    /usr/share/texmf/fonts/type1/public/velthuis/dvnn8.pfb
21127000-2113a000 r-xs 00000000 08:02 2360069    /usr/share/texmf/fonts/type1/public/velthuis/dvnb8.pfb
2113a000-2114b000 r-xs 00000000 08:02 2360072    /usr/share/texmf/fonts/type1/public/velthuis/dvnbb8.pfb
2114b000-2115e000 r-xs 00000000 08:02 2360104    /usr/share/texmf/fonts/type1/public/velthuis/dvnn10.pfb
2115e000-2116f000 r-xs 00000000 08:02 2360108    /usr/share/texmf/fonts/type1/public/velthuis/dvnnb8.pfb
2116f000-21182000 r-xs 00000000 08:02 2360123    /usr/share/texmf/fonts/type1/public/velthuis/dvpn8.pfb
21182000-21195000 r-xs 00000000 08:02 2360068    /usr/share/texmf/fonts/type1/public/velthuis/dvnb10.pfb
21195000-211a7000 r-xs 00000000 08:02 2360100    /usr/share/texmf/fonts/type1/public/velthuis/dvngbi9.pfb
211a7000-211ba000 r-xs 00000000 08:02 2360106    /usr/share/texmf/fonts/type1/public/velthuis/dvnn9.pfb
211ba000-211cb000 r-xs 00000000 08:02 2360085    /usr/share/texmf/fonts/type1/public/velthuis/dvncb9.pfb
211cb000-211de000 r-xs 00000000 08:02 2360090    /usr/share/texmf/fonts/type1/public/velthuis/dvnci8.pfb
211de000-211f0000 r-xs 00000000 08:02 2360086    /usr/share/texmf/fonts/type1/public/velthuis/dvncbi10.pfb
211f0000-21204000 r-xs 00000000 08:02 2360102    /usr/share/texmf/fonts/type1/public/velthuis/dvngi8.pfb
21204000-21216000 r-xs 00000000 08:02 2360099    /usr/share/texmf/fonts/type1/public/velthuis/dvngbi8.pfb
21216000-2122a000 r-xs 00000000 08:02 2360101    /usr/share/texmf/fonts/type1/public/velthuis/dvngi10.pfb
2122a000-2123b000 r-xs 00000000 08:02 2360073    /usr/share/texmf/fonts/type1/public/velthuis/dvnbb9.pfb
2123b000-2124c000 r-xs 00000000 08:02 2360111    /usr/share/texmf/fonts/type1/public/velthuis/dvnnbi8.pfb
2124c000-21260000 r-xs 00000000 08:02 2360079    /usr/share/texmf/fonts/type1/public/velthuis/dvnbi9.pfb
21260000-21273000 r-xs 00000000 08:02 2360114    /usr/share/texmf/fonts/type1/public/velthuis/dvnni8.pfb
21273000-21286000 r-xs 00000000 08:02 2360082    /usr/share/texmf/fonts/type1/public/velthuis/dvnc9.pfb
21286000-21298000 r-xs 00000000 08:02 2360112    /usr/share/texmf/fonts/type1/public/velthuis/dvnnbi9.pfb
21298000-212ab000 r-xs 00000000 08:02 2360120    /usr/share/texmf/fonts/type1/public/velthuis/dvpc8.pfb
212ab000-212be000 r-xs 00000000 08:02 2360077    /usr/share/texmf/fonts/type1/public/velthuis/dvnbi10.pfb
212be000-212d1000 r-xs 00000000 08:02 2360127    /usr/share/texmf/fonts/type1/public/velthuis/dvpnn9.pfb
212d1000-212e2000 r-xs 00000000 08:02 2360075    /usr/share/texmf/fonts/type1/public/velthuis/dvnbbi8.pfb
212e2000-212f5000 r-xs 00000000 08:02 2360089    /usr/share/texmf/fonts/type1/public/velthuis/dvnci10.pfb
212f5000-21308000 r-xs 00000000 08:02 2360092    /usr/share/texmf/fonts/type1/public/velthuis/dvng10.pfb
21308000-21319000 r-xs 00000000 08:02 2360084    /usr/share/texmf/fonts/type1/public/velthuis/dvncb8.pfb
21319000-2132c000 r-xs 00000000 08:02 2360113    /usr/share/texmf/fonts/type1/public/velthuis/dvnni10.pfb
2132c000-2133e000 r-xs 00000000 08:02 2360095    /usr/share/texmf/fonts/type1/public/velthuis/dvngb10.pfb
2133e000-21350000 r-xs 00000000 08:02 2360098    /usr/share/texmf/fonts/type1/public/velthuis/dvngbi10.pfb
21350000-21362000 r-xs 00000000 08:02 2360074    /usr/share/texmf/fonts/type1/public/velthuis/dvnbbi10.pfb
21362000-21375000 r-xs 00000000 08:02 2360070    /usr/share/texmf/fonts/type1/public/velthuis/dvnb9.pfb
21375000-21388000 r-xs 00000000 08:02 2360121    /usr/share/texmf/fonts/type1/public/velthuis/dvpc9.pfb
21388000-2139a000 r-xs 00000000 08:02 2360088    /usr/share/texmf/fonts/type1/public/velthuis/dvncbi9.pfb
2139a000-213ae000 r-xs 00000000 08:02 2360103    /usr/share/texmf/fonts/type1/public/velthuis/dvngi9.pfb
213ae000-213c2000 r-xs 00000000 08:02 2360094    /usr/share/texmf/fonts/type1/public/velthuis/dvng9.pfb
213c2000-213d4000 r-xs 00000000 08:02 2360097    /usr/share/texmf/fonts/type1/public/velthuis/dvngb9.pfb
213d4000-213e7000 r-xs 00000000 08:02 2360078    /usr/share/texmf/fonts/type1/public/velthuis/dvnbi8.pfb
213e7000-213fa000 r-xs 00000000 08:02 2360117    /usr/share/texmf/fonts/type1/public/velthuis/dvpb8.pfb
213fa000-2140d000 r-xs 00000000 08:02 2360126    /usr/share/texmf/fonts/type1/public/velthuis/dvpnn8.pfb
2140d000-21421000 r-xs 00000000 08:02 2360124    /usr/share/texmf/fonts/type1/public/velthuis/dvpn9.pfb
21421000-21432000 r-xs 00000000 08:02 2360109    /usr/share/texmf/fonts/type1/public/velthuis/dvnnb9.pfb
21432000-2143e000 r-xs 00000000 08:02 2360250    /usr/share/texmf/fonts/type1/vntex/chartervn/bchr8v.pfb
2143e000-2144a000 r-xs 00000000 08:02 2360251    /usr/share/texmf/fonts/type1/vntex/chartervn/bchri8v.pfb
2144a000-21456000 r-xs 00000000 08:02 2360248    /usr/share/texmf/fonts/type1/vntex/chartervn/bchb8v.pfb
21456000-21462000 r-xs 00000000 08:02 2360249    /usr/share/texmf/fonts/type1/vntex/chartervn/bchbi8v.pfb
21462000-2146b000 r-xs 00000000 08:02 2254822    /usr/share/texmf/fonts/type1/public/cs/csbx5.pfb
2146b000-21474000 r-xs 00000000 08:02 2254842    /usr/share/texmf/fonts/type1/public/cs/csr8.pfb
21474000-2147e000 r-xs 00000000 08:02 2254835    /usr/share/texmf/fonts/type1/public/cs/csitt10.pfb
2147e000-21489000 r-xs 00000000 08:02 2254865    /usr/share/texmf/fonts/type1/public/cs/csti12.pfb
21489000-21490000 r-xs 00000000 08:02 2254851    /usr/share/texmf/fonts/type1/public/cs/csss17.pfb
21490000-21499000 r-xs 00000000 08:02 2254874    /usr/share/texmf/fonts/type1/public/cs/csvtt10.pfb
21499000-214a0000 r-xs 00000000 08:02 2254853    /usr/share/texmf/fonts/type1/public/cs/csss9.pfb
214a0000-214a7000 r-xs 00000000 08:02 2254857    /usr/share/texmf/fonts/type1/public/cs/csssi12.pfb
214a7000-214b0000 r-xs 00000000 08:02 2254825    /usr/share/texmf/fonts/type1/public/cs/csbx8.pfb
214b0000-214b9000 r-xs 00000000 08:02 2254821    /usr/share/texmf/fonts/type1/public/cs/csbx12.pfb
214b9000-214c2000 r-xs 00000000 08:02 2254843    /usr/share/texmf/fonts/type1/public/cs/csr9.pfb
214c2000-214cb000 r-xs 00000000 08:02 2254873    /usr/share/texmf/fonts/type1/public/cs/csu10.pfb
214cb000-214d4000 r-xs 00000000 08:02 2254840    /usr/share/texmf/fonts/type1/public/cs/csr6.pfb
214d4000-214de000 r-xs 00000000 08:02 2254832    /usr/share/texmf/fonts/type1/public/cs/csfi10.pfb
214de000-214e7000 r-xs 00000000 08:02 2254847    /usr/share/texmf/fonts/type1/public/cs/cssl9.pfb
214e7000-214f0000 r-xs 00000000 08:02 2254862    /usr/share/texmf/fonts/type1/public/cs/csssqi8.pfb
214f0000-214f9000 r-xs 00000000 08:02 2254837    /usr/share/texmf/fonts/type1/public/cs/csr12.pfb
214f9000-21500000 r-xs 00000000 08:02 2254849    /usr/share/texmf/fonts/type1/public/cs/csss10.pfb
21500000-2150b000 r-xs 00000000 08:02 2254867    /usr/share/texmf/fonts/type1/public/cs/csti8.pfb
2150b000-21514000 r-xs 00000000 08:02 2254844    /usr/share/texmf/fonts/type1/public/cs/cssl10.pfb
21514000-2151f000 r-xs 00000000 08:02 2254828    /usr/share/texmf/fonts/type1/public/cs/csbxti10.pfb
2151f000-21526000 r-xs 00000000 08:02 2254860    /usr/share/texmf/fonts/type1/public/cs/csssi9.pfb
21526000-2152f000 r-xs 00000000 08:02 2254839    /usr/share/texmf/fonts/type1/public/cs/csr5.pfb
2152f000-21537000 r-xs 00000000 08:02 2254855    /usr/share/texmf/fonts/type1/public/cs/csssdc10.pfb
21537000-21542000 r-xs 00000000 08:02 2254864    /usr/share/texmf/fonts/type1/public/cs/csti10.pfb
21542000-2154b000 r-xs 00000000 08:02 2254830    /usr/share/texmf/fonts/type1/public/cs/csdunh10.pfb
2154b000-21554000 r-xs 00000000 08:02 2254838    /usr/share/texmf/fonts/type1/public/cs/csr17.pfb
21554000-2155f000 r-xs 00000000 08:02 2254866    /usr/share/texmf/fonts/type1/public/cs/csti7.pfb
2155f000-21566000 r-xs 00000000 08:02 2254852    /usr/share/texmf/fonts/type1/public/cs/csss8.pfb
21566000-2156f000 r-xs 00000000 08:02 2254845    /usr/share/texmf/fonts/type1/public/cs/cssl12.pfb
2156f000-21578000 r-xs 00000000 08:02 2254824    /usr/share/texmf/fonts/type1/public/cs/csbx7.pfb
21578000-2157f000 r-xs 00000000 08:02 2254856    /usr/share/texmf/fonts/type1/public/cs/csssi10.pfb
2157f000-21588000 r-xs 00000000 08:02 2254819    /usr/share/texmf/fonts/type1/public/cs/csb10.pfb
21588000-21591000 r-xs 00000000 08:02 2254871    /usr/share/texmf/fonts/type1/public/cs/cstt8.pfb
21591000-2159a000 r-xs 00000000 08:02 2254820    /usr/share/texmf/fonts/type1/public/cs/csbx10.pfb
2159a000-215a3000 r-xs 00000000 08:02 2254826    /usr/share/texmf/fonts/type1/public/cs/csbx9.pfb
215a3000-215aa000 r-xs 00000000 08:02 2254850    /usr/share/texmf/fonts/type1/public/cs/csss12.pfb
215aa000-215b3000 r-xs 00000000 08:02 2254872    /usr/share/texmf/fonts/type1/public/cs/cstt9.pfb
215b3000-215bb000 r-xs 00000000 08:02 2254854    /usr/share/texmf/fonts/type1/public/cs/csssbx10.pfb
215bb000-215c6000 r-xs 00000000 08:02 2254868    /usr/share/texmf/fonts/type1/public/cs/csti9.pfb
215c6000-215cf000 r-xs 00000000 08:02 2254841    /usr/share/texmf/fonts/type1/public/cs/csr7.pfb
215cf000-215d6000 r-xs 00000000 08:02 2254859    /usr/share/texmf/fonts/type1/public/cs/csssi8.pfb
215d6000-215df000 r-xs 00000000 08:02 2254846    /usr/share/texmf/fonts/type1/public/cs/cssl8.pfb
215df000-215e8000 r-xs 00000000 08:02 2254869    /usr/share/texmf/fonts/type1/public/cs/cstt10.pfb
215e8000-215f3000 r-xs 00000000 08:02 2254831    /usr/share/texmf/fonts/type1/public/cs/csff10.pfb
215f3000-215fc000 r-xs 00000000 08:02 2254823    /usr/share/texmf/fonts/type1/public/cs/csbx6.pfb
215fc000-21605000 r-xs 00000000 08:02 2254833    /usr/share/texmf/fonts/type1/public/cs/csfib8.pfb
21605000-2160d000 r-xs 00000000 08:02 2254861    /usr/share/texmf/fonts/type1/public/cs/csssq8.pfb
2160d000-21616000 r-xs 00000000 08:02 2254870    /usr/share/texmf/fonts/type1/public/cs/cstt12.pfb
21616000-2161f000 r-xs 00000000 08:02 2254863    /usr/share/texmf/fonts/type1/public/cs/cstcsc10.pfb
2161f000-21628000 r-xs 00000000 08:02 2254827    /usr/share/texmf/fonts/type1/public/cs/csbxsl10.pfb
21628000-2162f000 r-xs 00000000 08:02 2254858    /usr/share/texmf/fonts/type1/public/cs/csssi17.pfb
2162f000-21633000 r-xs 00000000 08:02 2254834    /usr/share/texmf/fonts/type1/public/cs/csinch.pfb
21633000-2163c000 r-xs 00000000 08:02 2254848    /usr/share/texmf/fonts/type1/public/cs/cssltt10.pfb
2163c000-21645000 r-xs 00000000 08:02 2254836    /usr/share/texmf/fonts/type1/public/cs/csr10.pfb
21645000-2164e000 r-xs 00000000 08:02 2254829    /usr/share/texmf/fonts/type1/public/cs/cscsc10.pfb
2164e000-2165a000 r-xs 00000000 08:02 2359596    /usr/share/texmf/fonts/type1/public/montex/bcghsb.pfb
2165a000-21664000 r-xs 00000000 08:02 2359624    /usr/share/texmf/fonts/type1/public/montex/kmbx10.pfb
21664000-21676000 r-xs 00000000 08:02 2359621    /usr/share/texmf/fonts/type1/public/montex/bxgvsm.pfb
21676000-21684000 r-xs 00000000 08:02 2359608    /usr/share/texmf/fonts/type1/public/montex/bthhsb.pfb
21684000-21690000 r-xs 00000000 08:02 2359598    /usr/share/texmf/fonts/type1/public/montex/bcghwb.pfb
21690000-2169c000 r-xs 00000000 08:02 2359605    /usr/share/texmf/fonts/type1/public/montex/bicighm.pfb
2169c000-216a4000 r-xs 00000000 08:02 2359626    /usr/share/texmf/fonts/type1/public/montex/kmss10.pfb
216a4000-216b0000 r-xs 00000000 08:02 2359607    /usr/share/texmf/fonts/type1/public/montex/bicigvm.pfb
216b0000-216c2000 r-xs 00000000 08:02 2359619    /usr/share/texmf/fonts/type1/public/montex/bxghwm.pfb
216c2000-216d0000 r-xs 00000000 08:02 2359611    /usr/share/texmf/fonts/type1/public/montex/bthhwm.pfb
216d0000-216de000 r-xs 00000000 08:02 2359614    /usr/share/texmf/fonts/type1/public/montex/bthvwb.pfb
216de000-216ea000 r-xs 00000000 08:02 2359601    /usr/share/texmf/fonts/type1/public/montex/bcgvsm.pfb
216ea000-216f8000 r-xs 00000000 08:02 2359613    /usr/share/texmf/fonts/type1/public/montex/bthvsm.pfb
216f8000-21704000 r-xs 00000000 08:02 2359602    /usr/share/texmf/fonts/type1/public/montex/bcgvwb.pfb
21704000-21710000 r-xs 00000000 08:02 2359603    /usr/share/texmf/fonts/type1/public/montex/bcgvwm.pfb
21710000-2171c000 r-xs 00000000 08:02 2359625    /usr/share/texmf/fonts/type1/public/montex/kmr10.pfb
2171c000-21728000 r-xs 00000000 08:02 2359606    /usr/share/texmf/fonts/type1/public/montex/bicigvb.pfb
21728000-21734000 r-xs 00000000 08:02 2359599    /usr/share/texmf/fonts/type1/public/montex/bcghwm.pfb
21734000-21745000 r-xs 00000000 08:02 2359617    /usr/share/texmf/fonts/type1/public/montex/bxghsm.pfb
21745000-21753000 r-xs 00000000 08:02 2359610    /usr/share/texmf/fonts/type1/public/montex/bthhwb.pfb
21753000-21764000 r-xs 00000000 08:02 2359622    /usr/share/texmf/fonts/type1/public/montex/bxgvwb.pfb
21764000-21775000 r-xs 00000000 08:02 2359618    /usr/share/texmf/fonts/type1/public/montex/bxghwb.pfb
21775000-21783000 r-xs 00000000 08:02 2359615    /usr/share/texmf/fonts/type1/public/montex/bthvwm.pfb
21783000-21794000 r-xs 00000000 08:02 2359616    /usr/share/texmf/fonts/type1/public/montex/bxghsb.pfb
21794000-217a2000 r-xs 00000000 08:02 2359609    /usr/share/texmf/fonts/type1/public/montex/bthhsm.pfb
217a2000-217b3000 r-xs 00000000 08:02 2359620    /usr/share/texmf/fonts/type1/public/montex/bxgvsb.pfb
217b3000-217c5000 r-xs 00000000 08:02 2359623    /usr/share/texmf/fonts/type1/public/montex/bxgvwm.pfb
217c5000-217d1000 r-xs 00000000 08:02 2359600    /usr/share/texmf/fonts/type1/public/montex/bcgvsb.pfb
217d1000-217dd000 r-xs 00000000 08:02 2359604    /usr/share/texmf/fonts/type1/public/montex/bicighb.pfb
217dd000-217e9000 r-xs 00000000 08:02 2359597    /usr/share/texmf/fonts/type1/public/montex/bcghsm.pfb
217e9000-217f7000 r-xs 00000000 08:02 2359612    /usr/share/texmf/fonts/type1/public/montex/bthvsb.pfb
217f7000-21805000 r-xs 00000000 08:02 672798     /usr/share/fonts/Type1/cursor.pfa
21805000-2180f000 r-xs 00000000 08:02 672775     /usr/share/fonts/Type1/c0419bt_.pfb
2180f000-21818000 r-xs 00000000 08:02 672789     /usr/share/fonts/Type1/c0649bt_.pfb
21818000-2182c000 r-xs 00000000 08:02 672806     /usr/share/fonts/Type1/l047033t.pfa
2182c000-2184b000 r-xs 00000000 08:02 672795     /usr/share/fonts/Type1/courbi.pfa
2184b000-21869000 r-xs 00000000 08:02 672797     /usr/share/fonts/Type1/couri.pfa
21869000-21872000 r-xs 00000000 08:02 672783     /usr/share/fonts/Type1/c0632bt_.pfb
21872000-2187c000 r-xs 00000000 08:02 672777     /usr/share/fonts/Type1/c0582bt_.pfb
2187c000-21890000 r-xs 00000000 08:02 672808     /usr/share/fonts/Type1/l047036t.pfa
21890000-218a2000 r-xs 00000000 08:02 672810     /usr/share/fonts/Type1/l048013t.pfa
218a2000-218b9000 r-xs 00000000 08:02 672818     /usr/share/fonts/Type1/l049013t.pfa
218b9000-218d0000 r-xs 00000000 08:02 672820     /usr/share/fonts/Type1/l049016t.pfa
218d0000-218da000 r-xs 00000000 08:02 672781     /usr/share/fonts/Type1/c0611bt_.pfb
218da000-218f9000 r-xs 00000000 08:02 672793     /usr/share/fonts/Type1/courb.pfa
218f9000-2190c000 r-xs 00000000 08:02 672771     /usr/share/fonts/Type1/UTI_____.pfa
2190c000-2191f000 r-xs 00000000 08:02 672802     /usr/share/fonts/Type1/l047013t.pfa
2191f000-21928000 r-xs 00000000 08:02 672785     /usr/share/fonts/Type1/c0633bt_.pfb
21928000-21947000 r-xs 00000000 08:02 672791     /usr/share/fonts/Type1/cour.pfa
21947000-2195b000 r-xs 00000000 08:02 672804     /usr/share/fonts/Type1/l047016t.pfa
2195b000-21973000 r-xs 00000000 08:02 672824     /usr/share/fonts/Type1/l049036t.pfa
21973000-2197d000 r-xs 00000000 08:02 672779     /usr/share/fonts/Type1/c0583bt_.pfb
2197d000-2198f000 r-xs 00000000 08:02 672812     /usr/share/fonts/Type1/l048016t.pfa
2198f000-219a1000 r-xs 00000000 08:02 672773     /usr/share/fonts/Type1/UTRG____.pfa
219a1000-219b4000 r-xs 00000000 08:02 672767     /usr/share/fonts/Type1/UTBI____.pfa
219b4000-219c6000 r-xs 00000000 08:02 672816     /usr/share/fonts/Type1/l048036t.pfa
219c6000-219d8000 r-xs 00000000 08:02 672814     /usr/share/fonts/Type1/l048033t.pfa
219d8000-219ea000 r-xs 00000000 08:02 672769     /usr/share/fonts/Type1/UTB_____.pfa
219ea000-21a04000 r-xs 00000000 08:02 672822     /usr/share/fonts/Type1/l049033t.pfa
21a04000-21a0d000 r-xs 00000000 08:02 672787     /usr/share/fonts/Type1/c0648bt_.pfb
21a0d000-21a15000 r-xs 00000000 08:02 2359760    /usr/share/texmf/fonts/type1/public/pl/plti10.pfb
21a15000-21a1c000 r-xs 00000000 08:02 2359746    /usr/share/texmf/fonts/type1/public/pl/plsy7.pfb
21a1c000-21a23000 r-xs 00000000 08:02 2359632    /usr/share/texmf/fonts/type1/public/pl/plbx10.pfb
21a23000-21a2a000 r-xs 00000000 08:02 2359686    /usr/share/texmf/fonts/type1/public/pl/plr12.pfb
21a2a000-21a31000 r-xs 00000000 08:02 2359652    /usr/share/texmf/fonts/type1/public/pl/pldunh10.pfb
21a31000-21a37000 r-xs 00000000 08:02 2359758    /usr/share/texmf/fonts/type1/public/pl/pltex9.pfb
21a37000-21a3e000 r-xs 00000000 08:02 2359666    /usr/share/texmf/fonts/type1/public/pl/plitt10.pfb
21a3e000-21a45000 r-xs 00000000 08:02 2359742    /usr/share/texmf/fonts/type1/public/pl/plsy5.pfb
21a45000-21a4d000 r-xs 00000000 08:02 2359700    /usr/share/texmf/fonts/type1/public/pl/plsl10.pfb
21a4d000-21a54000 r-xs 00000000 08:02 2359750    /usr/share/texmf/fonts/type1/public/pl/plsy9.pfb
21a54000-21a5b000 r-xs 00000000 08:02 2359696    /usr/share/texmf/fonts/type1/public/pl/plr8.pfb
21a5b000-21a63000 r-xs 00000000 08:02 2359680    /usr/share/texmf/fonts/type1/public/pl/plmi9.pfb
21a63000-21a6a000 r-xs 00000000 08:02 2359644    /usr/share/texmf/fonts/type1/public/pl/plbx9.pfb
21a6a000-21a72000 r-xs 00000000 08:02 2359676    /usr/share/texmf/fonts/type1/public/pl/plmi7.pfb
21a72000-21a79000 r-xs 00000000 08:02 2359738    /usr/share/texmf/fonts/type1/public/pl/plssqi8.pfb
21a79000-21a81000 r-xs 00000000 08:02 2359672    /usr/share/texmf/fonts/type1/public/pl/plmi5.pfb
21a81000-21a89000 r-xs 00000000 08:02 2359768    /usr/share/texmf/fonts/type1/public/pl/plti9.pfb
21a89000-21a8f000 r-xs 00000000 08:02 2359732    /usr/share/texmf/fonts/type1/public/pl/plssi8.pfb
21a8f000-21a95000 r-xs 00000000 08:02 2359654    /usr/share/texmf/fonts/type1/public/pl/plex10.pfb
21a95000-21a9c000 r-xs 00000000 08:02 2359722    /usr/share/texmf/fonts/type1/public/pl/plssbx10.pfb
21a9c000-21aa4000 r-xs 00000000 08:02 2359778    /usr/share/texmf/fonts/type1/public/pl/plu10.pfb
21aa4000-21aab000 r-xs 00000000 08:02 2359694    /usr/share/texmf/fonts/type1/public/pl/plr7.pfb
21aab000-21ab2000 r-xs 00000000 08:02 2359708    /usr/share/texmf/fonts/type1/public/pl/plsltt10.pfb
21ab2000-21ab9000 r-xs 00000000 08:02 2359650    /usr/share/texmf/fonts/type1/public/pl/plcsc10.pfb
21ab9000-21abf000 r-xs 00000000 08:02 2359714    /usr/share/texmf/fonts/type1/public/pl/plss17.pfb
21abf000-21ac5000 r-xs 00000000 08:02 2359754    /usr/share/texmf/fonts/type1/public/pl/pltex10.pfb
21ac5000-21acd000 r-xs 00000000 08:02 2359766    /usr/share/texmf/fonts/type1/public/pl/plti8.pfb
21acd000-21ad4000 r-xs 00000000 08:02 2359640    /usr/share/texmf/fonts/type1/public/pl/plbx7.pfb
21ad4000-21adb000 r-xs 00000000 08:02 2359774    /usr/share/texmf/fonts/type1/public/pl/pltt8.pfb
21adb000-21ae1000 r-xs 00000000 08:02 2359734    /usr/share/texmf/fonts/type1/public/pl/plssi9.pfb
21ae1000-21ae8000 r-xs 00000000 08:02 2359690    /usr/share/texmf/fonts/type1/public/pl/plr5.pfb
21ae8000-21af0000 r-xs 00000000 08:02 2359682    /usr/share/texmf/fonts/type1/public/pl/plmib10.pfb
21af0000-21af7000 r-xs 00000000 08:02 2359736    /usr/share/texmf/fonts/type1/public/pl/plssq8.pfb
21af7000-21afd000 r-xs 00000000 08:02 2359726    /usr/share/texmf/fonts/type1/public/pl/plssi10.pfb
21afd000-21b04000 r-xs 00000000 08:02 2359688    /usr/share/texmf/fonts/type1/public/pl/plr17.pfb
21b04000-21b0a000 r-xs 00000000 08:02 2359656    /usr/share/texmf/fonts/type1/public/pl/plex9.pfb
21b0a000-21b11000 r-xs 00000000 08:02 2359634    /usr/share/texmf/fonts/type1/public/pl/plbx12.pfb
21b11000-21b17000 r-xs 00000000 08:02 2359718    /usr/share/texmf/fonts/type1/public/pl/plss9.pfb
21b17000-21b1f000 r-xs 00000000 08:02 2359706    /usr/share/texmf/fonts/type1/public/pl/plsl9.pfb
21b1f000-21b27000 r-xs 00000000 08:02 2359668    /usr/share/texmf/fonts/type1/public/pl/plmi10.pfb
21b27000-21b2e000 r-xs 00000000 08:02 2359636    /usr/share/texmf/fonts/type1/public/pl/plbx5.pfb
21b2e000-21b36000 r-xs 00000000 08:02 2359702    /usr/share/texmf/fonts/type1/public/pl/plsl12.pfb
21b36000-21b3d000 r-xs 00000000 08:02 2359628    /usr/share/texmf/fonts/type1/public/pl/plb10.pfb
21b3d000-21b44000 r-xs 00000000 08:02 2359646    /usr/share/texmf/fonts/type1/public/pl/plbxsl10.pfb
21b44000-21b4b000 r-xs 00000000 08:02 2359780    /usr/share/texmf/fonts/type1/public/pl/plvtt10.pfb
21b4b000-21b53000 r-xs 00000000 08:02 2359660    /usr/share/texmf/fonts/type1/public/pl/plfi10.pfb
21b53000-21b59000 r-xs 00000000 08:02 2359710    /usr/share/texmf/fonts/type1/public/pl/plss10.pfb
21b59000-21b5f000 r-xs 00000000 08:02 2359730    /usr/share/texmf/fonts/type1/public/pl/plssi17.pfb
21b5f000-21b66000 r-xs 00000000 08:02 2359770    /usr/share/texmf/fonts/type1/public/pl/pltt10.pfb
21b66000-21b6e000 r-xs 00000000 08:02 2359658    /usr/share/texmf/fonts/type1/public/pl/plff10.pfb
21b6e000-21b74000 r-xs 00000000 08:02 2359728    /usr/share/texmf/fonts/type1/public/pl/plssi12.pfb
21b74000-21b7a000 r-xs 00000000 08:02 2359712    /usr/share/texmf/fonts/type1/public/pl/plss12.pfb
21b7a000-21b82000 r-xs 00000000 08:02 2359764    /usr/share/texmf/fonts/type1/public/pl/plti7.pfb
21b82000-21b8a000 r-xs 00000000 08:02 2359762    /usr/share/texmf/fonts/type1/public/pl/plti12.pfb
21b8a000-21b91000 r-xs 00000000 08:02 2359684    /usr/share/texmf/fonts/type1/public/pl/plr10.pfb
21b91000-21b99000 r-xs 00000000 08:02 2359678    /usr/share/texmf/fonts/type1/public/pl/plmi8.pfb
21b99000-21ba0000 r-xs 00000000 08:02 2359720    /usr/share/texmf/fonts/type1/public/pl/plssbi10.pfb
21ba0000-21ba8000 r-xs 00000000 08:02 2359674    /usr/share/texmf/fonts/type1/public/pl/plmi6.pfb
21ba8000-21baf000 r-xs 00000000 08:02 2359772    /usr/share/texmf/fonts/type1/public/pl/pltt12.pfb
21baf000-21bb2000 r-xs 00000000 08:02 2359664    /usr/share/texmf/fonts/type1/public/pl/plinch.pfb
21bb2000-21bb9000 r-xs 00000000 08:02 2359692    /usr/share/texmf/fonts/type1/public/pl/plr6.pfb
21bb9000-21bc1000 r-xs 00000000 08:02 2359704    /usr/share/texmf/fonts/type1/public/pl/plsl8.pfb
21bc1000-21bc8000 r-xs 00000000 08:02 2359752    /usr/share/texmf/fonts/type1/public/pl/pltcsc10.pfb
21bc8000-21bce000 r-xs 00000000 08:02 2359756    /usr/share/texmf/fonts/type1/public/pl/pltex8.pfb
21bce000-21bd6000 r-xs 00000000 08:02 2359648    /usr/share/texmf/fonts/type1/public/pl/plbxti10.pfb
21bd6000-21bdd000 r-xs 00000000 08:02 2359662    /usr/share/texmf/fonts/type1/public/pl/plfib8.pfb
21bdd000-21be4000 r-xs 00000000 08:02 2359724    /usr/share/texmf/fonts/type1/public/pl/plssdc10.pfb
21be4000-21beb000 r-xs 00000000 08:02 2359740    /usr/share/texmf/fonts/type1/public/pl/plsy10.pfb
21beb000-21bf1000 r-xs 00000000 08:02 2359716    /usr/share/texmf/fonts/type1/public/pl/plss8.pfb
21bf1000-21bf8000 r-xs 00000000 08:02 2359642    /usr/share/texmf/fonts/type1/public/pl/plbx8.pfb
21bf8000-21c00000 r-xs 00000000 08:02 2359670    /usr/share/texmf/fonts/type1/public/pl/plmi12.pfb
21c00000-21c07000 r-xs 00000000 08:02 2359698    /usr/share/texmf/fonts/type1/public/pl/plr9.pfb
21c07000-21c0e000 r-xs 00000000 08:02 2359630    /usr/share/texmf/fonts/type1/public/pl/plbsy10.pfb
21c0e000-21c15000 r-xs 00000000 08:02 2359776    /usr/share/texmf/fonts/type1/public/pl/pltt9.pfb
21c15000-21c1c000 r-xs 00000000 08:02 2359744    /usr/share/texmf/fonts/type1/public/pl/plsy6.pfb
21c1c000-21c23000 r-xs 00000000 08:02 2359638    /usr/share/texmf/fonts/type1/public/pl/plbx6.pfb
21c23000-21c2a000 r-xs 00000000 08:02 2359748    /usr/share/texmf/fonts/type1/public/pl/plsy8.pfb
21c2a000-21c2b000 r-xs 00000000 08:02 2253019    /usr/share/texmf/fonts/type1/hoekwater/mflogo/logosl10.pfb
21c2b000-21c2c000 r-xs 00000000 08:02 2253020    /usr/share/texmf/fonts/type1/hoekwater/mflogo/logosl8.pfb
21c2c000-21c2d000 r-xs 00000000 08:02 2253021    /usr/share/texmf/fonts/type1/hoekwater/mflogo/logosl9.pfb
21c2d000-21c2e000 r-xs 00000000 08:02 2253015    /usr/share/texmf/fonts/type1/hoekwater/mflogo/logo8.pfb
21c2e000-21c2f000 r-xs 00000000 08:02 2253017    /usr/share/texmf/fonts/type1/hoekwater/mflogo/logobf10.pfb
21c2f000-21c30000 r-xs 00000000 08:02 2253016    /usr/share/texmf/fonts/type1/hoekwater/mflogo/logo9.pfb
21c30000-21c31000 r-xs 00000000 08:02 2253014    /usr/share/texmf/fonts/type1/hoekwater/mflogo/logo10.pfb
21c31000-21c32000 r-xs 00000000 08:02 2253018    /usr/share/texmf/fonts/type1/hoekwater/mflogo/logod10.pfb
21c32000-21c38000 r-xs 00000000 08:02 2254801    /usr/share/texmf/fonts/type1/public/cmcyr/cmcyr10.pfb
21c38000-21c3e000 r-xs 00000000 08:02 2254787    /usr/share/texmf/fonts/type1/public/cmcyr/cmcti8.pfb
21c3e000-21c42000 r-xs 00000000 08:02 2254771    /usr/share/texmf/fonts/type1/public/cmcyr/cmcssi17.pfb
21c42000-21c47000 r-xs 00000000 08:02 2254725    /usr/share/texmf/fonts/type1/public/cmcyr/cmcbx8.pfb
21c47000-21c4c000 r-xs 00000000 08:02 2254719    /usr/share/texmf/fonts/type1/public/cmcyr/cmcbx5.pfb
21c4c000-21c50000 r-xs 00000000 08:02 2254753    /usr/share/texmf/fonts/type1/public/cmcyr/cmcss10.pfb
21c50000-21c55000 r-xs 00000000 08:02 2254797    /usr/share/texmf/fonts/type1/public/cmcyr/cmctt9.pfb
21c55000-21c5a000 r-xs 00000000 08:02 2254777    /usr/share/texmf/fonts/type1/public/cmcyr/cmcssq8.pfb
21c5a000-21c5e000 r-xs 00000000 08:02 2254775    /usr/share/texmf/fonts/type1/public/cmcyr/cmcssi9.pfb
21c5e000-21c63000 r-xs 00000000 08:02 2254733    /usr/share/texmf/fonts/type1/public/cmcyr/cmccsc10.pfb
21c63000-21c68000 r-xs 00000000 08:02 2254735    /usr/share/texmf/fonts/type1/public/cmcyr/cmccsc8.pfb
21c68000-21c6d000 r-xs 00000000 08:02 2254807    /usr/share/texmf/fonts/type1/public/cmcyr/cmcyr5.pfb
21c6d000-21c70000 r-xs 00000000 08:02 2254739    /usr/share/texmf/fonts/type1/public/cmcyr/cmcinch7.pfb
21c70000-21c75000 r-xs 00000000 08:02 2254811    /usr/share/texmf/fonts/type1/public/cmcyr/cmcyr7.pfb
21c75000-21c7a000 r-xs 00000000 08:02 2254779    /usr/share/texmf/fonts/type1/public/cmcyr/cmcssqi8.pfb
21c7a000-21c7f000 r-xs 00000000 08:02 2254741    /usr/share/texmf/fonts/type1/public/cmcyr/cmcitt10.pfb
21c7f000-21c85000 r-xs 00000000 08:02 2254799    /usr/share/texmf/fonts/type1/public/cmcyr/cmcu10.pfb
21c85000-21c8a000 r-xs 00000000 08:02 2254765    /usr/share/texmf/fonts/type1/public/cmcyr/cmcssdc1.pfb
21c8a000-21c90000 r-xs 00000000 08:02 2254785    /usr/share/texmf/fonts/type1/public/cmcyr/cmcti7.pfb
21c90000-21c95000 r-xs 00000000 08:02 2254793    /usr/share/texmf/fonts/type1/public/cmcyr/cmctt12.pfb
21c95000-21c9a000 r-xs 00000000 08:02 2254749    /usr/share/texmf/fonts/type1/public/cmcyr/cmcsl9.pfb
21c9a000-21ca0000 r-xs 00000000 08:02 2254781    /usr/share/texmf/fonts/type1/public/cmcyr/cmcti10.pfb
21ca0000-21ca4000 r-xs 00000000 08:02 2254773    /usr/share/texmf/fonts/type1/public/cmcyr/cmcssi8.pfb
21ca4000-21caa000 r-xs 00000000 08:02 2254803    /usr/share/texmf/fonts/type1/public/cmcyr/cmcyr12.pfb
21caa000-21caf000 r-xs 00000000 08:02 2254727    /usr/share/texmf/fonts/type1/public/cmcyr/cmcbx9.pfb
21caf000-21cb4000 r-xs 00000000 08:02 2254721    /usr/share/texmf/fonts/type1/public/cmcyr/cmcbx6.pfb
21cb4000-21cba000 r-xs 00000000 08:02 2254815    /usr/share/texmf/fonts/type1/public/cmcyr/cmcyr9.pfb
21cba000-21cbe000 r-xs 00000000 08:02 2254759    /usr/share/texmf/fonts/type1/public/cmcyr/cmcss8.pfb
21cbe000-21cc3000 r-xs 00000000 08:02 2254743    /usr/share/texmf/fonts/type1/public/cmcyr/cmcsl10.pfb
21cc3000-21cc8000 r-xs 00000000 08:02 2254791    /usr/share/texmf/fonts/type1/public/cmcyr/cmctt10.pfb
21cc8000-21ccd000 r-xs 00000000 08:02 2254805    /usr/share/texmf/fonts/type1/public/cmcyr/cmcyr17.pfb
21ccd000-21cd2000 r-xs 00000000 08:02 2254713    /usr/share/texmf/fonts/type1/public/cmcyr/cmcb10.pfb
21cd2000-21cd7000 r-xs 00000000 08:02 2254729    /usr/share/texmf/fonts/type1/public/cmcyr/cmcbxsl1.pfb
21cd7000-21cdb000 r-xs 00000000 08:02 2254757    /usr/share/texmf/fonts/type1/public/cmcyr/cmcss17.pfb
21cdb000-21ce0000 r-xs 00000000 08:02 2254747    /usr/share/texmf/fonts/type1/public/cmcyr/cmcsl8.pfb
21ce0000-21ce5000 r-xs 00000000 08:02 2254717    /usr/share/texmf/fonts/type1/public/cmcyr/cmcbx12.pfb
21ce5000-21ce9000 r-xs 00000000 08:02 2254767    /usr/share/texmf/fonts/type1/public/cmcyr/cmcssi10.pfb
21ce9000-21cee000 r-xs 00000000 08:02 2254737    /usr/share/texmf/fonts/type1/public/cmcyr/cmccsc9.pfb
21cee000-21cf3000 r-xs 00000000 08:02 2254751    /usr/share/texmf/fonts/type1/public/cmcyr/cmcsltt1.pfb
21cf3000-21cf8000 r-xs 00000000 08:02 2254745    /usr/share/texmf/fonts/type1/public/cmcyr/cmcsl12.pfb
21cf8000-21cfd000 r-xs 00000000 08:02 2254795    /usr/share/texmf/fonts/type1/public/cmcyr/cmctt8.pfb
21cfd000-21d01000 r-xs 00000000 08:02 2254769    /usr/share/texmf/fonts/type1/public/cmcyr/cmcssi12.pfb
21d01000-21d06000 r-xs 00000000 08:02 2254715    /usr/share/texmf/fonts/type1/public/cmcyr/cmcbx10.pfb
21d06000-21d0a000 r-xs 00000000 08:02 2254763    /usr/share/texmf/fonts/type1/public/cmcyr/cmcssbx1.pfb
21d0a000-21d0e000 r-xs 00000000 08:02 2254755    /usr/share/texmf/fonts/type1/public/cmcyr/cmcss12.pfb
21d0e000-21d12000 r-xs 00000000 08:02 2254761    /usr/share/texmf/fonts/type1/public/cmcyr/cmcss9.pfb
21d12000-21d18000 r-xs 00000000 08:02 2254783    /usr/share/texmf/fonts/type1/public/cmcyr/cmcti12.pfb
21d18000-21d1d000 r-xs 00000000 08:02 2254723    /usr/share/texmf/fonts/type1/public/cmcyr/cmcbx7.pfb
21d1d000-21d23000 r-xs 00000000 08:02 2254789    /usr/share/texmf/fonts/type1/public/cmcyr/cmcti9.pfb
21d23000-21d28000 r-xs 00000000 08:02 2254809    /usr/share/texmf/fonts/type1/public/cmcyr/cmcyr6.pfb
21d28000-21d2e000 r-xs 00000000 08:02 2254813    /usr/share/texmf/fonts/type1/public/cmcyr/cmcyr8.pfb
21d2e000-21d34000 r-xs 00000000 08:02 2254731    /usr/share/texmf/fonts/type1/public/cmcyr/cmcbxti1.pfb
21d34000-21d45000 r-xs 00000000 08:02 393955     /usr/share/ghostscript/fonts/bchbi.pfa
21d45000-21d5e000 r-xs 00000000 08:02 416049     /usr/share/ghostscript/fonts/b018015l.pfb
21d5e000-21d68000 r-xs 00000000 08:02 393999     /usr/share/ghostscript/fonts/hrscs.pfa
21d68000-21d89000 r-xs 00000000 08:02 416114     /usr/share/ghostscript/fonts/p052004l.pfb
21d89000-21d98000 r-xs 00000000 08:02 393968     /usr/share/ghostscript/fonts/hrger.pfa
21d98000-21db5000 r-xs 00000000 08:02 416062     /usr/share/ghostscript/fonts/c059033l.pfb
21db5000-21dcd000 r-xs 00000000 08:02 416104     /usr/share/ghostscript/fonts/n022003l.pfb
21dcd000-21ddc000 r-xs 00000000 08:02 393992     /usr/share/ghostscript/fonts/hrplt.pfa
21ddc000-21de8000 r-xs 00000000 08:02 416066     /usr/share/ghostscript/fonts/d050000l.pfb
21de8000-21e01000 r-xs 00000000 08:02 416108     /usr/share/ghostscript/fonts/n022023l.pfb
21e01000-21e1d000 r-xs 00000000 08:02 416122     /usr/share/ghostscript/fonts/z003034l.pfb
21e1d000-21e2f000 r-xs 00000000 08:02 416087     /usr/share/ghostscript/fonts/n019063l.pfb
21e2f000-21e4c000 r-xs 00000000 08:02 416060     /usr/share/ghostscript/fonts/c059016l.pfb
21e4c000-21e6b000 r-xs 00000000 08:02 416116     /usr/share/ghostscript/fonts/p052023l.pfb
21e6b000-21e83000 r-xs 00000000 08:02 416101     /usr/share/ghostscript/fonts/n021024l.pfb
21e83000-21e8e000 r-xs 00000000 08:02 393983     /usr/share/ghostscript/fonts/hrpldi.pfa
21e8e000-21ea0000 r-xs 00000000 08:02 416037     /usr/share/ghostscript/fonts/a010015l.pfb
21ea0000-21eb3000 r-xs 00000000 08:02 394006     /usr/share/ghostscript/fonts/putri.pfa
21eb3000-21ec6000 r-xs 00000000 08:02 394004     /usr/share/ghostscript/fonts/putbi.pfa
21ec6000-21ed9000 r-xs 00000000 08:02 416083     /usr/share/ghostscript/fonts/n019043l.pfb
21ed9000-21eea000 r-xs 00000000 08:02 393957     /usr/share/ghostscript/fonts/bchr.pfa
21eea000-21f05000 r-xs 00000000 08:02 416095     /usr/share/ghostscript/fonts/n021004l.pfb
21f05000-21f16000 r-xs 00000000 08:02 393953     /usr/share/ghostscript/fonts/bchb.pfa
21f16000-21f29000 r-xs 00000000 08:02 416080     /usr/share/ghostscript/fonts/n019024l.pfb
21f29000-21f3a000 r-xs 00000000 08:02 416071     /usr/share/ghostscript/fonts/n019003l.pfb
21f3a000-21f4d000 r-xs 00000000 08:02 416085     /usr/share/ghostscript/fonts/n019044l.pfb
21f4d000-21f69000 r-xs 00000000 08:02 416110     /usr/share/ghostscript/fonts/n022024l.pfb
21f69000-21f74000 r-xs 00000000 08:02 393996     /usr/share/ghostscript/fonts/hrscc.pfa
21f74000-21f86000 r-xs 00000000 08:02 394003     /usr/share/ghostscript/fonts/putb.pfa
21f86000-21f99000 r-xs 00000000 08:02 416089     /usr/share/ghostscript/fonts/n019064l.pfb
21f99000-21fb7000 r-xs 00000000 08:02 416106     /usr/share/ghostscript/fonts/n022004l.pfb
21fb7000-21fd4000 r-xs 00000000 08:02 416052     /usr/share/ghostscript/fonts/b018032l.pfb
21fd4000-21ff0000 r-xs 00000000 08:02 416092     /usr/share/ghostscript/fonts/n021003l.pfb
21ff0000-21ffb000 r-xs 00000000 08:02 393980     /usr/share/ghostscript/fonts/hrpld.pfa
21ffb000-2200a000 r-xs 00000000 08:02 393995     /usr/share/ghostscript/fonts/hrplti.pfa
2200a000-2201c000 r-xs 00000000 08:02 394005     /usr/share/ghostscript/fonts/putr.pfa
2201c000-2202e000 r-xs 00000000 08:02 416077     /usr/share/ghostscript/fonts/n019023l.pfb
2202e000-2203d000 r-xs 00000000 08:02 393974     /usr/share/ghostscript/fonts/hrgrr.pfa
2203d000-22046000 r-xs 00000000 08:02 416120     /usr/share/ghostscript/fonts/s050000l.pfb
22046000-22061000 r-xs 00000000 08:02 416098     /usr/share/ghostscript/fonts/n021023l.pfb
22061000-22072000 r-xs 00000000 08:02 393959     /usr/share/ghostscript/fonts/bchri.pfa
22072000-22093000 r-xs 00000000 08:02 416112     /usr/share/ghostscript/fonts/p052003l.pfb
22093000-220b0000 r-xs 00000000 08:02 416058     /usr/share/ghostscript/fonts/c059013l.pfb
220b0000-220c2000 r-xs 00000000 08:02 416040     /usr/share/ghostscript/fonts/a010033l.pfb
220c2000-220d4000 r-xs 00000000 08:02 416034     /usr/share/ghostscript/fonts/a010013l.pfb
220d4000-220f1000 r-xs 00000000 08:02 416064     /usr/share/ghostscript/fonts/c059036l.pfb
220f1000-22112000 r-xs 00000000 08:02 416118     /usr/share/ghostscript/fonts/p052024l.pfb
22112000-2211f000 r-xs 00000000 08:02 393977     /usr/share/ghostscript/fonts/hritr.pfa
2211f000-22131000 r-xs 00000000 08:02 416074     /usr/share/ghostscript/fonts/n019004l.pfb
22131000-22144000 r-xs 00000000 08:02 416043     /usr/share/ghostscript/fonts/a010035l.pfb
22144000-2215f000 r-xs 00000000 08:02 416055     /usr/share/ghostscript/fonts/b018035l.pfb
2215f000-2217b000 r-xs 00000000 08:02 416046     /usr/share/ghostscript/fonts/b018012l.pfb
2217b000-2217d000 r-xs 00000000 08:02 2253290    /usr/share/texmf/fonts/type1/public/amsfonts/latxfont/lasy8.pfb
2217d000-2217f000 r-xs 00000000 08:02 2253286    /usr/share/texmf/fonts/type1/public/amsfonts/latxfont/lasy6.pfb
2217f000-22189000 r-xs 00000000 08:02 2253304    /usr/share/texmf/fonts/type1/public/amsfonts/latxfont/lcmssi8.pfb
22189000-2218b000 r-xs 00000000 08:02 2253284    /usr/share/texmf/fonts/type1/public/amsfonts/latxfont/lasy5.pfb
2218b000-2218e000 r-xs 00000000 08:02 2253292    /usr/share/texmf/fonts/type1/public/amsfonts/latxfont/lasy9.pfb
2218e000-22197000 r-xs 00000000 08:02 2253302    /usr/share/texmf/fonts/type1/public/amsfonts/latxfont/lcmssb8.pfb
22197000-2219a000 r-xs 00000000 08:02 2253306    /usr/share/texmf/fonts/type1/public/amsfonts/latxfont/line10.pfb
2219a000-221a4000 r-xs 00000000 08:02 2253300    /usr/share/texmf/fonts/type1/public/amsfonts/latxfont/lcmss8.pfb
221a4000-221a7000 r-xs 00000000 08:02 2253308    /usr/share/texmf/fonts/type1/public/amsfonts/latxfont/linew10.pfb
221a7000-221aa000 r-xs 00000000 08:02 2253296    /usr/share/texmf/fonts/type1/public/amsfonts/latxfont/lcircle1.pfb
221aa000-221ad000 r-xs 00000000 08:02 2253282    /usr/share/texmf/fonts/type1/public/amsfonts/latxfont/lasy10.pfb
221ad000-221b0000 r-xs 00000000 08:02 2253298    /usr/share/texmf/fonts/type1/public/amsfonts/latxfont/lcirclew.pfb
221b0000-221b2000 r-xs 00000000 08:02 2253288    /usr/share/texmf/fonts/type1/public/amsfonts/latxfont/lasy7.pfb
221b2000-221b4000 r-xs 00000000 08:02 2253294    /usr/share/texmf/fonts/type1/public/amsfonts/latxfont/lasyb10.pfb
221b4000-221bc000 r-xs 00000000 08:02 2253199    /usr/share/texmf/fonts/type1/public/amsfonts/cmextra/cmbsy7.pfb
221bc000-221c5000 r-xs 00000000 08:02 2253223    /usr/share/texmf/fonts/type1/public/amsfonts/cmextra/cmmib9.pfb
221c5000-221ce000 r-xs 00000000 08:02 2253221    /usr/share/texmf/fonts/type1/public/amsfonts/cmextra/cmmib8.pfb
221ce000-221d7000 r-xs 00000000 08:02 2253205    /usr/share/texmf/fonts/type1/public/amsfonts/cmextra/cmcsc8.pfb
221d7000-221e1000 r-xs 00000000 08:02 2253215    /usr/share/texmf/fonts/type1/public/amsfonts/cmextra/cmmib5.pfb
221e1000-221e8000 r-xs 00000000 08:02 2253203    /usr/share/texmf/fonts/type1/public/amsfonts/cmextra/cmbsy9.pfb
221e8000-221f2000 r-xs 00000000 08:02 2253219    /usr/share/texmf/fonts/type1/public/amsfonts/cmextra/cmmib7.pfb
221f2000-221fb000 r-xs 00000000 08:02 2253197    /usr/share/texmf/fonts/type1/public/amsfonts/cmextra/cmbsy6.pfb
221fb000-22203000 r-xs 00000000 08:02 2253201    /usr/share/texmf/fonts/type1/public/amsfonts/cmextra/cmbsy8.pfb
22203000-2220b000 r-xs 00000000 08:02 2253211    /usr/share/texmf/fonts/type1/public/amsfonts/cmextra/cmex8.pfb
2220b000-22213000 r-xs 00000000 08:02 2253207    /usr/share/texmf/fonts/type1/public/amsfonts/cmextra/cmcsc9.pfb
22213000-2221b000 r-xs 00000000 08:02 2253209    /usr/share/texmf/fonts/type1/public/amsfonts/cmextra/cmex7.pfb
2221b000-22225000 r-xs 00000000 08:02 2253217    /usr/share/texmf/fonts/type1/public/amsfonts/cmextra/cmmib6.pfb
22225000-2222e000 r-xs 00000000 08:02 2253195    /usr/share/texmf/fonts/type1/public/amsfonts/cmextra/cmbsy5.pfb
2222e000-22236000 r-xs 00000000 08:02 2253213    /usr/share/texmf/fonts/type1/public/amsfonts/cmextra/cmex9.pfb
22236000-2224e000 r-xs 00000000 08:02 3016170    /usr/lib/Adobe/Reader9/Resource/Font/ZY______.PFB
2224e000-22257000 r-xs 00000000 08:02 3016168    /usr/lib/Adobe/Reader9/Resource/Font/SY______.PFB
22257000-2226a000 r-xs 00000000 08:02 3016169    /usr/lib/Adobe/Reader9/Resource/Font/ZX______.PFB
2226a000-22274000 r-xs 00000000 08:02 2360366    /usr/share/texmf/fonts/type1/vntex/vnr/vnu10.pfb
22274000-22281000 r-xs 00000000 08:02 2360351    /usr/share/texmf/fonts/type1/vntex/vnr/vnssi17.pfb
22281000-2228b000 r-xs 00000000 08:02 2360354    /usr/share/texmf/fonts/type1/vntex/vnr/vnssq8.pfb
2228b000-22295000 r-xs 00000000 08:02 2360329    /usr/share/texmf/fonts/type1/vntex/vnr/vnr10.pfb
22295000-2229e000 r-xs 00000000 08:02 2360346    /usr/share/texmf/fonts/type1/vntex/vnr/vnss9.pfb
2229e000-222a8000 r-xs 00000000 08:02 2360320    /usr/share/texmf/fonts/type1/vntex/vnr/vnbx9.pfb
222a8000-222b2000 r-xs 00000000 08:02 2360317    /usr/share/texmf/fonts/type1/vntex/vnr/vnbx6.pfb
222b2000-222bc000 r-xs 00000000 08:02 2360355    /usr/share/texmf/fonts/type1/vntex/vnr/vnssqi8.pfb
222bc000-222c6000 r-xs 00000000 08:02 2360367    /usr/share/texmf/fonts/type1/vntex/vnr/vnvtt10.pfb
222c6000-222d0000 r-xs 00000000 08:02 2360334    /usr/share/texmf/fonts/type1/vntex/vnr/vnr7.pfb
222d0000-222da000 r-xs 00000000 08:02 2360321    /usr/share/texmf/fonts/type1/vntex/vnr/vnbxsl10.pfb
222da000-222e4000 r-xs 00000000 08:02 2360331    /usr/share/texmf/fonts/type1/vntex/vnr/vnr17.pfb
222e4000-222ef000 r-xs 00000000 08:02 2360326    /usr/share/texmf/fonts/type1/vntex/vnr/vnfi10.pfb
222ef000-222f9000 r-xs 00000000 08:02 2360332    /usr/share/texmf/fonts/type1/vntex/vnr/vnr5.pfb
222f9000-22304000 r-xs 00000000 08:02 2360337    /usr/share/texmf/fonts/type1/vntex/vnr/vnsl10.pfb
22304000-2230e000 r-xs 00000000 08:02 2360318    /usr/share/texmf/fonts/type1/vntex/vnr/vnbx7.pfb
2230e000-22318000 r-xs 00000000 08:02 2360335    /usr/share/texmf/fonts/type1/vntex/vnr/vnr8.pfb
22318000-22322000 r-xs 00000000 08:02 2360363    /usr/share/texmf/fonts/type1/vntex/vnr/vntt12.pfb
22322000-2232d000 r-xs 00000000 08:02 2360339    /usr/share/texmf/fonts/type1/vntex/vnr/vnsl8.pfb
2232d000-22337000 r-xs 00000000 08:02 2360333    /usr/share/texmf/fonts/type1/vntex/vnr/vnr6.pfb
22337000-22341000 r-xs 00000000 08:02 2360338    /usr/share/texmf/fonts/type1/vntex/vnr/vnsl12.pfb
22341000-2234c000 r-xs 00000000 08:02 2360361    /usr/share/texmf/fonts/type1/vntex/vnr/vnti9.pfb
2234c000-22355000 r-xs 00000000 08:02 2360349    /usr/share/texmf/fonts/type1/vntex/vnr/vnssi10.pfb
22355000-22360000 r-xs 00000000 08:02 2360358    /usr/share/texmf/fonts/type1/vntex/vnr/vnti12.pfb
22360000-2236a000 r-xs 00000000 08:02 2360324    /usr/share/texmf/fonts/type1/vntex/vnr/vndunh10.pfb
2236a000-22373000 r-xs 00000000 08:02 2360345    /usr/share/texmf/fonts/type1/vntex/vnr/vnss8.pfb
22373000-2237d000 r-xs 00000000 08:02 2360341    /usr/share/texmf/fonts/type1/vntex/vnr/vnsltt10.pfb
2237d000-22388000 r-xs 00000000 08:02 2360328    /usr/share/texmf/fonts/type1/vntex/vnr/vnitt10.pfb
22388000-22392000 r-xs 00000000 08:02 2360365    /usr/share/texmf/fonts/type1/vntex/vnr/vntt9.pfb
22392000-2239c000 r-xs 00000000 08:02 2360314    /usr/share/texmf/fonts/type1/vntex/vnr/vnbx10.pfb
2239c000-223a6000 r-xs 00000000 08:02 2360362    /usr/share/texmf/fonts/type1/vntex/vnr/vntt10.pfb
223a6000-223b0000 r-xs 00000000 08:02 2360356    /usr/share/texmf/fonts/type1/vntex/vnr/vntcsc10.pfb
223b0000-223bb000 r-xs 00000000 08:02 2360325    /usr/share/texmf/fonts/type1/vntex/vnr/vnff10.pfb
223bb000-223c4000 r-xs 00000000 08:02 2360352    /usr/share/texmf/fonts/type1/vntex/vnr/vnssi8.pfb
223c4000-223d0000 r-xs 00000000 08:02 2360344    /usr/share/texmf/fonts/type1/vntex/vnr/vnss17.pfb
223d0000-223d9000 r-xs 00000000 08:02 2360350    /usr/share/texmf/fonts/type1/vntex/vnr/vnssi12.pfb
223d9000-223e2000 r-xs 00000000 08:02 2360342    /usr/share/texmf/fonts/type1/vntex/vnr/vnss10.pfb
223e2000-223ec000 r-xs 00000000 08:02 2360315    /usr/share/texmf/fonts/type1/vntex/vnr/vnbx12.pfb
223ec000-223f6000 r-xs 00000000 08:02 2360364    /usr/share/texmf/fonts/type1/vntex/vnr/vntt8.pfb
223f6000-22400000 r-xs 00000000 08:02 2360348    /usr/share/texmf/fonts/type1/vntex/vnr/vnssdc10.pfb
22400000-2240b000 r-xs 00000000 08:02 2360360    /usr/share/texmf/fonts/type1/vntex/vnr/vnti8.pfb
2240b000-22415000 r-xs 00000000 08:02 2360313    /usr/share/texmf/fonts/type1/vntex/vnr/vnb10.pfb
22415000-2241f000 r-xs 00000000 08:02 2360323    /usr/share/texmf/fonts/type1/vntex/vnr/vncsc10.pfb
2241f000-22429000 r-xs 00000000 08:02 2360340    /usr/share/texmf/fonts/type1/vntex/vnr/vnsl9.pfb
22429000-22433000 r-xs 00000000 08:02 2360330    /usr/share/texmf/fonts/type1/vntex/vnr/vnr12.pfb
22433000-2243e000 r-xs 00000000 08:02 2360359    /usr/share/texmf/fonts/type1/vntex/vnr/vnti7.pfb
2243e000-22448000 r-xs 00000000 08:02 2360316    /usr/share/texmf/fonts/type1/vntex/vnr/vnbx5.pfb
22448000-22452000 r-xs 00000000 08:02 2360336    /usr/share/texmf/fonts/type1/vntex/vnr/vnr9.pfb
22452000-2245d000 r-xs 00000000 08:02 2360357    /usr/share/texmf/fonts/type1/vntex/vnr/vnti10.pfb
2245d000-22466000 r-xs 00000000 08:02 2360353    /usr/share/texmf/fonts/type1/vntex/vnr/vnssi9.pfb
22466000-2246f000 r-xs 00000000 08:02 2360343    /usr/share/texmf/fonts/type1/vntex/vnr/vnss12.pfb
2246f000-22479000 r-xs 00000000 08:02 2360319    /usr/share/texmf/fonts/type1/vntex/vnr/vnbx8.pfb
22479000-22484000 r-xs 00000000 08:02 2360322    /usr/share/texmf/fonts/type1/vntex/vnr/vnbxti10.pfb
22484000-2248e000 r-xs 00000000 08:02 2360327    /usr/share/texmf/fonts/type1/vntex/vnr/vnfib8.pfb
2248e000-22498000 r-xs 00000000 08:02 2360347    /usr/share/texmf/fonts/type1/vntex/vnr/vnssbx10.pfb
22498000-224a4000 r-xs 00000000 08:02 2359380    /usr/share/texmf/fonts/type1/public/ibygrk/fibr84.pfb
224a4000-224b5000 r-xs 00000000 08:02 2359379    /usr/share/texmf/fonts/type1/public/ibygrk/fibb84.pfb
224b5000-224ba000 r-xs 00000000 08:02 2253271    /usr/share/texmf/fonts/type1/public/amsfonts/euler/eusb5.pfb
224ba000-224bf000 r-xs 00000000 08:02 2253273    /usr/share/texmf/fonts/type1/public/amsfonts/euler/eusb7.pfb
224bf000-224c3000 r-xs 00000000 08:02 2253239    /usr/share/texmf/fonts/type1/public/amsfonts/euler/euex7.pfb
224c3000-224cb000 r-xs 00000000 08:02 2253253    /usr/share/texmf/fonts/type1/public/amsfonts/euler/eufm5.pfb
224cb000-224d3000 r-xs 00000000 08:02 2253245    /usr/share/texmf/fonts/type1/public/amsfonts/euler/eufb10.pfb
224d3000-224dc000 r-xs 00000000 08:02 2253257    /usr/share/texmf/fonts/type1/public/amsfonts/euler/eurb10.pfb
224dc000-224e0000 r-xs 00000000 08:02 2253275    /usr/share/texmf/fonts/type1/public/amsfonts/euler/eusm10.pfb
224e0000-224e4000 r-xs 00000000 08:02 2253241    /usr/share/texmf/fonts/type1/public/amsfonts/euler/euex8.pfb
224e4000-224e8000 r-xs 00000000 08:02 2253277    /usr/share/texmf/fonts/type1/public/amsfonts/euler/eusm5.pfb
224e8000-224f0000 r-xs 00000000 08:02 2253247    /usr/share/texmf/fonts/type1/public/amsfonts/euler/eufb5.pfb
224f0000-224f8000 r-xs 00000000 08:02 2253249    /usr/share/texmf/fonts/type1/public/amsfonts/euler/eufb7.pfb
224f8000-224fd000 r-xs 00000000 08:02 2253243    /usr/share/texmf/fonts/type1/public/amsfonts/euler/euex9.pfb
224fd000-22506000 r-xs 00000000 08:02 2253259    /usr/share/texmf/fonts/type1/public/amsfonts/euler/eurb5.pfb
22506000-2250f000 r-xs 00000000 08:02 2253265    /usr/share/texmf/fonts/type1/public/amsfonts/euler/eurm5.pfb
2250f000-22517000 r-xs 00000000 08:02 2253251    /usr/share/texmf/fonts/type1/public/amsfonts/euler/eufm10.pfb
22517000-2251f000 r-xs 00000000 08:02 2253255    /usr